query_acc	% identity	alignment length	mismatches	gap opens	bit score	evalue	Membership Cluster 1	Membership Cluster 2	Membership Cluster 3	Membership Cluster 4	Membership Cluster 5	Max Membership	Assigned Cluster
tr|A0A059L8S9|A0A059L8S9_9PSED	67.29608484848484	546.1737373737374	0.0067499381813047	2.4343434343434343	779.9987878787879	10.444980637844347	0.216590022313392	0.163468059058374	0.2734890013762167	0.1442819272523641	0.2021709899996531	0.2734890013762167	2
tr|A0A075P5W0|A0A075P5W0_PSEFL	63.81134924965893	552.8894952251023	0.0058799932368012	2.581173260572988	770.2994542974079	8.087852705996704	0.2241393380063361	0.1573200233030317	0.271606581632354	0.1454575376586339	0.2014765193996442	0.271606581632354	2
tr|A0A086GFB6|A0A086GFB6_9GAMM	57.69781466395112	550.4236252545825	0.0050013239293855	4.824847250509165	711.6910386965377	6.384793756722787	0.266147439061227	0.1359945152524178	0.2636954966643109	0.1478591398080713	0.1863034092139728	0.266147439061227	0
tr|A0A0A0CVX6|A0A0A0CVX6_PHOLU	54.64671779141104	550.3537832310839	0.0044863618086891	3.329243353783231	711.2766871165644	10.105755928143369	0.2568134470473093	0.1360835474184149	0.2726379631060455	0.1452852844315579	0.1891797579966724	0.2726379631060455	2
tr|A0A0A4GDI1|A0A0A4GDI1_9PSED	63.86927855711423	537.9959919839679	0.0061245025460102	2.7655310621242486	751.5941883767536	6.089133433683212	0.2280444298511513	0.1537974110197386	0.2788382984142251	0.1431910170131614	0.1961288437017235	0.2788382984142251	2
tr|A0A0A6D4C3|A0A0A6D4C3_9PSED	57.0149427402863	537.5071574642127	0.0054073178326298	4.558282208588957	679.0562372188139	8.091729234311321	0.2729728447443659	0.1307444333073484	0.274113997370368	0.1434412747994855	0.178727449778432	0.274113997370368	2
tr|A0A0A6D6H3|A0A0A6D6H3_9PSED	66.91055911823646	541.6653306613226	0.0067260640585119	2.45691382765531	775.0923847695391	6.134520982755522	0.2178504480654666	0.1620418129914836	0.2755977481948651	0.1437002903768949	0.2008097003712895	0.2755977481948651	2
tr|A0A0A7JLW9|A0A0A7JLW9_9PSED	55.56874468085107	539.2579787234042	0.0047300652549637	2.543882978723404	721.2961436170212	4.112030622018343	0.2453487774883632	0.1398092767955416	0.280712657849449	0.1430357355627943	0.1910935523038519	0.280712657849449	2
tr|A0A0C1ZS49|A0A0C1ZS49_PSEFL	57.60880618556701	541.7257731958763	0.0054214170993307	4.579381443298969	681.8571134020618	7.422021915462851	0.2707521652160265	0.1322623015926101	0.2727467160697098	0.1441160770193645	0.180122740102289	0.2727467160697098	2
tr|A0A0C2A4M0|A0A0C2A4M0_PSEFL	66.55153020134227	545.3852348993289	0.0066006303897057	2.4644295302013424	774.8679194630872	7.237216191122948	0.2184743007727369	0.161695405187747	0.2744038831257316	0.1441340329220855	0.2012923779916988	0.2744038831257316	2
tr|A0A0C2MIF1|A0A0C2MIF1_9PSED	67.01561122244489	542.1803607214429	0.0067584035305626	2.43687374749499	774.031863727455	6.611899312882001	0.2176340471604573	0.1622016179877939	0.2757772344515914	0.1436246876754948	0.2007624127246625	0.2757772344515914	2
tr|A0A0C2RUC4|A0A0C2RUC4_9PSED	57.65139248434238	548.3152400835073	0.0053258316691231	4.665970772442589	688.0814196242171	11.335620610160449	0.2696405979869446	0.1335057829548469	0.2690543238901754	0.1455727875173002	0.1822265076507327	0.2696405979869446	0
tr|A0A0D0PIL0|A0A0D0PIL0_PSEFL	62.633380376344086	545.5215053763441	0.0057989536695982	2.4341397849462365	762.6204301075269	5.1999021942080335	0.2257753623280082	0.1548198496769151	0.275567429189598	0.1442952068582684	0.1995421519472102	0.275567429189598	2
tr|A0A0D5XYX5|A0A0D5XYX5_9PSED	66.11704040404041	546.369696969697	0.0064677132775605	2.4767676767676767	768.310707070707	5.576806966968753	0.2199232113383731	0.160425730650976	0.2752219782736057	0.1439649754763346	0.2004641042607104	0.2752219782736057	2
tr|A0A0D5XZW6|A0A0D5XZW6_9PSED	56.23922690763052	531.2570281124498	0.0054064614065031	4.530120481927711	662.0759036144578	3.812446282544992	0.2790620515420633	0.1270752059051693	0.2783178103122578	0.1413466158727856	0.1741983163677238	0.2790620515420633	0
tr|A0A0D6BHI0|A0A0D6BHI0_9PSED	64.33484210526315	528.8654970760234	0.0064599804420024	2.38401559454191	738.0037037037038	2.3294456472289164	0.2254178616716966	0.1536256094580649	0.2871802111085073	0.1405049829900634	0.1932713347716678	0.2871802111085073	2
tr|A0A0D6BI09|A0A0D6BI09_9PSED	54.519674273858925	529.649377593361	0.0049326112777184	5.014522821576763	648.090041493776	10.663500996222371	0.2935126138389399	0.1218347147985354	0.2737469084170312	0.1413759777165602	0.1695297852289332	0.2935126138389399	0
tr|A0A0F0FCH6|A0A0F0FCH6_9PSED	58.27971196754565	548.9655172413793	0.0049754756017086	2.6511156186612577	718.7620689655173	7.220019190138563	0.2412352752913296	0.1436817154522637	0.2793394586669523	0.1433883208591534	0.1923552297303007	0.2793394586669523	2
tr|A0A0F4SLW2|A0A0F4SLW2_PSEFL	66.95671656686628	539.8982035928144	0.0067990278602313	2.395209580838323	769.115369261477	5.749533174687275	0.217880771398306	0.1616235369398654	0.2776538898902137	0.143046840409223	0.1997949613623919	0.2776538898902137	2
tr|A0A0F4SPY7|A0A0F4SPY7_PSEFL	58.29813306451613	529.9576612903226	0.0057608098982146	4.485887096774194	674.6477822580645	4.730600673667688	0.2706056292056849	0.1313226568656396	0.2792927596607132	0.1417508155952072	0.1770281386727548	0.2792927596607132	2
tr|A0A0F4V5W7|A0A0F4V5W7_PSEFL	67.18117102615695	544.6680080482897	0.0067849824747936	2.438631790744467	776.2464788732394	7.865016805888199	0.2171722359728819	0.1628236526756565	0.2746252985201475	0.1439563065648659	0.2014225062664479	0.2746252985201475	2
tr|A0A0F4XUU1|A0A0F4XUU1_9PSED	63.90444820717131	539.2828685258964	0.0061656366333227	2.4741035856573705	753.0894422310757	6.466652655189584	0.2251858369888093	0.1550925876078731	0.2797633751694528	0.1428412917305122	0.1971169085033525	0.2797633751694528	2
tr|A0A0F7LTX4|A0A0F7LTX4_9GAMM	54.339735655737705	550.1577868852459	0.0044322132763939	3.137295081967213	707.6815573770491	10.308175327188998	0.2559984838293621	0.135873343139915	0.2744359018821687	0.1447365857703119	0.1889556853782421	0.2744359018821687	2
tr|A0A0G3GJA5|A0A0G3GJA5_9PSED	62.817520325203255	548.5325203252032	0.0057451128206408	2.432926829268293	758.0357723577235	5.442036556437024	0.2259598043761601	0.1548499834986745	0.27562444485691	0.1442669916210947	0.1992987756471606	0.27562444485691	2
tr|A0A0J6LD36|A0A0J6LD36_9PSED	58.86705714285714	550.6346938775511	0.0050706263274582	3.4816326530612245	732.284693877551	8.66900723327774	0.2463247964638966	0.1434451168367986	0.2712473668495551	0.1459367760455986	0.193045943804151	0.2712473668495551	2
tr|A0A0K1QSW9|A0A0K1QSW9_PSEFL	65.63905566600397	535.7872763419483	0.0066231265199704	2.73558648111332	758.992842942346	6.304675372826926	0.2239433085881185	0.1571509662556688	0.2788605631054769	0.1429815088649501	0.1970636531857856	0.2788605631054769	2
tr|A0A0K9I1L1|A0A0K9I1L1_9DELT	56.57377	199.53066666666663	0.011648584116542	0.28	339.83933333333334	100000.0	0.0488621075055317	0.2964410819233836	0.0673435308439923	0.2907343937888066	0.2966188859382856	0.2966188859382856	4
tr|A0A0L1MMA0|A0A0L1MMA0_PSESX	66.997625	545.8931451612904	0.0067072341681151	2.471774193548387	772.8548387096774	4.243890716717229	0.218060794720462	0.1621801868999416	0.2747333293207502	0.1439773401195181	0.201048348939328	0.2747333293207502	2
tr|A0A0L1MMH6|A0A0L1MMH6_PSESX	58.90108793456033	538.842535787321	0.0056843276707464	4.609406952965236	682.8926380368098	6.5437831267478455	0.2680435943819063	0.1337585432959963	0.2744373508233355	0.1436872997913937	0.1800732117073679	0.2744373508233355	2
tr|A0A0L6FTW2|A0A0L6FTW2_9PSED	58.59174489795919	547.9979591836735	0.0050303873947838	2.7224489795918365	722.4330612244898	5.755087606460552	0.2408636217003435	0.1441731757474611	0.2787167037693256	0.1435704759472075	0.1926760228356621	0.2787167037693256	2
tr|A0A0M3UDS4|A0A0M3UDS4_9PSED	60.08860362173039	543.0523138832998	0.0053486291948785	3.561368209255533	725.4446680080483	6.429644648259906	0.2462013056272105	0.1434629885441405	0.275099647002376	0.1445387371714461	0.1906973216548269	0.275099647002376	2
tr|A0A0M9B2J7|A0A0M9B2J7_9PSED	58.05129124236253	535.0081466395112	0.005573528266462	3.881873727087577	681.3531568228107	5.916717765337205	0.2623055486259426	0.1339372115843665	0.2817170405878109	0.141557374502091	0.1804828246997889	0.2817170405878109	2
tr|A0A0M9CZE4|A0A0M9CZE4_9GAMM	54.34371659919028	546.6781376518219	0.0045183062541004	3.366396761133603	701.9925101214575	8.212245296695318	0.2598691797451093	0.1341819232635424	0.2748316180334615	0.144345380002422	0.1867718989554648	0.2748316180334615	2
tr|A0A0N0BV85|A0A0N0BV85_9PSED	66.18637325349302	541.1656686626746	0.0066268960304658	2.4770459081836327	757.1892215568862	5.616686748138545	0.2210066551564034	0.1590656726638173	0.279086284543745	0.1427746648291116	0.1980667228069225	0.279086284543745	2
tr|A0A0N0L6A3|A0A0N0L6A3_9PSED	66.94743912175649	540.187624750499	0.0067669777688886	2.4291417165668663	767.4315369261477	6.658051096633385	0.2183419126379661	0.1613453417854639	0.2777375147815199	0.1430419554147197	0.1995332753803304	0.2777375147815199	2
tr|A0A0N9VYX0|A0A0N9VYX0_PSEFL	66.0185731707317	550.6666666666666	0.0063976693825139	2.518292682926829	768.3284552845528	6.746739812413371	0.2203901395443799	0.1604306624450553	0.2736978387048837	0.1444819633223375	0.2009993959833436	0.2736978387048837	2
tr|A0A0N9WLA3|A0A0N9WLA3_PSEFL	55.96537909836066	540.4918032786885	0.0052227701500784	4.674180327868853	673.4838114754098	6.146396858043642	0.2778537874392368	0.128756357904963	0.271860899665249	0.1438443215635832	0.1776846334269677	0.2778537874392368	0
tr|A0A0N9X1L9|A0A0N9X1L9_PSEFL	64.17083501006036	544.0422535211268	0.0060995062674634	2.4788732394366195	763.1034205231389	7.016524234664494	0.2236106138023574	0.156845711794195	0.2763094182595711	0.1438848267154459	0.1993494294284303	0.2763094182595711	2
tr|A0A0P0QE95|A0A0P0QE95_SERMA	57.900047131147545	553.2479508196722	0.0049791851246997	4.840163934426229	716.7649590163934	6.99096942955916	0.2645638877772984	0.1370442942945739	0.2622528463383956	0.1485104616177519	0.1876285099719803	0.2645638877772984	0
tr|A0A0P6S3I5|A0A0P6S3I5_9PSED	57.6042618556701	541.4680412371134	0.0054524398101838	4.550515463917526	677.8777319587629	6.2663841841832575	0.2713049482498804	0.1318439386589966	0.2737174317705645	0.1437143351810023	0.179419346139556	0.2737174317705645	2
tr|A0A0P6S6Q1|A0A0P6S6Q1_9PSED	66.42531653225807	544.9737903225806	0.0065381873345099	2.4294354838709675	773.8427419354839	7.1586036423366775	0.218491533531301	0.1614981407044922	0.274862083292927	0.1439968271992173	0.2011514152720622	0.274862083292927	2
tr|A0A0P7K7M0|A0A0P7K7M0_9PSED	66.24857746478872	545.2957746478874	0.006538698937003	2.496981891348089	764.2919517102615	7.281504237254587	0.2203076718257844	0.1600892767834137	0.276278023079548	0.1436341872176201	0.1996908410936337	0.276278023079548	2
tr|A0A0P7KH36|A0A0P7KH36_9PSED	57.945136178861794	534.0284552845528	0.0055719767221132	3.882113821138212	678.3026422764228	5.279919538713767	0.2632191422513859	0.1333273036665088	0.2825196778654886	0.1412202659715932	0.1797136102450233	0.2825196778654886	2
tr|A0A0Q6Q970|A0A0Q6Q970_9PSED	66.38059207920791	536.1584158415842	0.0067609174211766	2.4	764.7148514851485	4.857087295969811	0.2192655129211103	0.1600333366068104	0.2795564598852777	0.1425509367162515	0.1985937538705499	0.2795564598852777	2
tr|A0A0Q6QHU6|A0A0Q6QHU6_9PSED	58.22647975708502	532.1133603238867	0.0057092662528745	4.526315789473684	675.9022267206478	6.007668557849886	0.2708017762882219	0.1315067225029642	0.2779006695098852	0.1422320387272726	0.1775587929716561	0.2779006695098852	2
tr|A0A0Q7A2J5|A0A0Q7A2J5_9PSED	64.4200931174089	548.1039136302294	0.0061272074038945	2.47638326585695	768.0408906882592	10.06168396894587	0.222598057028039	0.1580060009494464	0.2742024143564144	0.1445150065770745	0.2006785210890256	0.2742024143564144	2
tr|A0A0W0P306|A0A0W0P306_9PSED	64.49538276553106	543.3587174348697	0.0062165188610884	2.49498997995992	758.6511022044089	6.692142659417914	0.2237266436941319	0.1567713205529806	0.2774496835555732	0.1434985506589689	0.1985538015383453	0.2774496835555732	2
tr|A0A0X8EX82|A0A0X8EX82_PSEFR	59.71418036072144	541.124248496994	0.0053458173350656	3.539078156312625	722.5410821643287	4.8606959538583245	0.247285102400003	0.1425139991298708	0.27615018095728	0.1441655799648582	0.1898851375479879	0.27615018095728	2
tr|A0A109Z2V1|A0A109Z2V1_SERLI	58.259817635270544	541.5150300601202	0.0051202065982963	3.31062124248497	713.9246492985973	6.290964703814802	0.2492414585642408	0.1402927807756213	0.2782127007099446	0.1434783401049042	0.1887747198452889	0.2782127007099446	2
tr|A0A142NDA3|A0A142NDA3_9PSED	55.9826160164271	538.7597535934292	0.0051988809560972	4.523613963039014	667.2691991786447	8.452757340583439	0.2776214789748454	0.1282297386841044	0.2748018885266791	0.1427807267369538	0.1765661670774171	0.2776214789748454	0
tr|A0A142NDH9|A0A142NDH9_9PSED	66.42714486921528	543.5030181086519	0.0065747693846358	2.412474849094568	770.5778672032193	9.99110998973346	0.2186830272953861	0.1611468324729381	0.2760296333645322	0.1436333671810988	0.2005071396860446	0.2760296333645322	2
tr|A0A158E696|A0A158E696_9BURK	57.92103	53.74133333333333	0.0442125545085531	0.0	87.65686666666666	99999.99999994742	0.1008851727747208	0.2721076309323216	0.142096058706284	0.2855370876944477	0.1993740498922259	0.2855370876944477	3
tr|A0A159ZWU7|A0A159ZWU7_PSEFL	63.55506072874494	547.3927125506073	0.0059252503325968	2.380566801619433	768.9264507422403	6.438767544921634	0.2230825822707846	0.157104101228979	0.2744092339903312	0.1445295152337101	0.2008745672761951	0.2744092339903312	2
tr|A0A160GND1|A0A160GND1_PSEPU	57.00928971962617	542.9732977303071	0.0049036293620162	2.574098798397864	718.545393858478	5.139050293981405	0.2431375418321021	0.1416462901826805	0.2809619741348881	0.1429044343595914	0.1913497594907376	0.2809619741348881	2
tr|A0A166QBB1|A0A166QBB1_PSEFL	59.18992531120332	545.9149377593361	0.0056165370077173	4.697095435684648	686.6122406639004	9.348221642122503	0.2669190579556504	0.1350969663275805	0.271125736329063	0.1449767617941359	0.1818814775935699	0.271125736329063	2
tr|A0A166QBC9|A0A166QBC9_PSEFL	67.44421862348179	547.7651821862348	0.0067553703369271	2.45748987854251	775.3378542510122	5.989374603628236	0.2170176638609067	0.1632658828826648	0.2738642273936103	0.1441726654437756	0.2016795604190424	0.2738642273936103	2
tr|A0A173JJB4|A0A173JJB4_9PSED	58.25788752556237	538.7852760736197	0.0055802804143835	3.948875255623722	678.8748466257668	5.987699841436772	0.2628065991147767	0.134151647688054	0.2804651592407164	0.1419475340397537	0.1806290599166991	0.2804651592407164	2
tr|A0A173JL08|A0A173JL08_9PSED	66.93299799196788	544.0522088353414	0.0067526334780388	2.4497991967871484	768.3843373493976	8.828652344125967	0.218430537853482	0.1616079685667505	0.2762549620818225	0.1435145735860283	0.2001919579119164	0.2762549620818225	2
tr|A0A176NHS4|A0A176NHS4_9PSED	63.8123453815261	542.4056224899598	0.0060489009932887	2.4718875502008038	756.1383534136546	8.124027351330307	0.2249410075670498	0.1555151376766941	0.278115299858497	0.1433671924005531	0.1980613624972058	0.278115299858497	2
tr|A0A176V4Q5|A0A176V4Q5_9PSED	63.7429403794038	548.7411924119241	0.005922810496454	2.535230352303523	767.5043360433604	10.084091875982296	0.2242301937383884	0.15680865477366	0.2735647314829103	0.1448228742871585	0.2005735457178827	0.2735647314829103	2
tr|A0A191YTE5|A0A191YTE5_9PSED	66.12812024048097	542.5290581162325	0.0065577644103499	2.434869739478958	764.4905811623246	8.184565722129808	0.2199677989220254	0.1599503959068469	0.2773631613043972	0.1432845324173998	0.1994341114493306	0.2773631613043972	2
tr|A0A1A9JGN7|A0A1A9JGN7_9PSED	57.4738295687885	540.3429158110883	0.0054364203740149	4.607802874743326	677.9088295687884	7.0387797305286925	0.2723857933361656	0.1314087691275124	0.273410017746266	0.143739080339664	0.1790563394503919	0.273410017746266	2
tr|A0A1A9JHB5|A0A1A9JHB5_9PSED	67.18108847184986	544.4276139410188	0.0067650895017087	2.454423592493298	776.8723860589813	7.631054715815351	0.2172366692502988	0.1628132063501306	0.274498097608697	0.1440007297026175	0.2014512970882559	0.274498097608697	2
tr|A0A1B3C6Q4|A0A1B3C6Q4_9PSED	64.00876814516128	542.6532258064516	0.0060961366931303	3.100806451612903	760.6112903225807	6.131239185646774	0.2296150322544124	0.1541920924367801	0.2737383602298607	0.1448795047920398	0.1975750102869069	0.2737383602298607	2
tr|A0A1B3FBL7|A0A1B3FBL7_9GAMM	57.83129278350516	556.4845360824743	0.0049256078414746	4.863917525773196	724.5929896907217	8.344503067187587	0.2630821001678609	0.1380388625525307	0.2600594505790261	0.1494519885056881	0.1893675981948941	0.2630821001678609	0
tr|A0A1C0GZL7|A0A1C0GZL7_SERMA	57.783773006134965	552.3231083844581	0.0049653741365865	4.846625766871166	717.8034764826176	8.351125072264436	0.2647579765889965	0.1369020983180779	0.2622031909373692	0.148522378004589	0.1876143561509672	0.2647579765889965	0
tr|A0A1C1ABH7|A0A1C1ABH7_PSEPU	57.025418230563005	544.470509383378	0.0048927013714022	2.5804289544235925	718.5650134048258	5.244407992156562	0.2431131647052846	0.1417909197595561	0.2804219849646082	0.1430822529135546	0.1915916776569964	0.2804219849646082	2
tr|A0A1C1BXU3|A0A1C1BXU3_PSEPU	57.06529127516779	545.1557046979866	0.0048877776919588	2.58255033557047	720.6730201342282	5.446197445110197	0.2427129282275798	0.1421328687559007	0.2797945299913225	0.1432968999749185	0.1920627730502783	0.2797945299913225	2
tr|A0A1D9IRI4|A0A1D9IRI4_9PSED	56.4295871743487	541.2104208416833	0.0048760465488389	3.4168336673346693	707.6182364729459	3.915683161022004	0.2553295222104656	0.1367827736340294	0.277165972578456	0.1436588988507361	0.1870628327263128	0.277165972578456	2
tr|A0A1E1FXZ7|A0A1E1FXZ7_9PSED	66.12855289421158	540.4031936127744	0.0066328620175203	2.475049900199601	765.3345309381237	5.10500798975506	0.220222490108739	0.1597472830513844	0.2776541609307108	0.1432028267001966	0.1991732392089691	0.2776541609307108	2
tr|A0A1E8PGI3|A0A1E8PGI3_9PSED	66.09143227091633	538.203187250996	0.0066507679731471	2.434262948207172	761.7235059760957	7.042868733255844	0.2203200130440193	0.1593171408386174	0.2792754791971957	0.1426983883470937	0.1983889785730739	0.2792754791971957	2
tr|A0A1G1SD81|A0A1G1SD81_ENTFL	79.50065217391305	479.0	0.0114484805210798	0.3478260869565217	814.9652173913043	15.33098258267066	0.1832962941776555	0.1912608618830368	0.2911173205223128	0.1351150956009663	0.1992104278160285	0.2911173205223128	2
tr|A0A1G5PQ85|A0A1G5PQ85_PHOLU	54.17486530612245	548.334693877551	0.0044358742589302	2.4959183673469387	710.5191836734695	9.526902757851923	0.2488814132594494	0.1378916965266249	0.2788316866832079	0.1436637772245855	0.1907314263061321	0.2788316866832079	2
tr|A0A1J0ES89|A0A1J0ES89_9PSED	56.57214197530865	541.4917695473251	0.0052917539473881	4.639917695473251	676.5687242798355	9.50274704160088	0.2751360014409597	0.1301037392181519	0.2720418848180606	0.1440205488521689	0.1786978256706588	0.2751360014409597	0
tr|A0A1J0ESS0|A0A1J0ESS0_9PSED	65.61862424242425	546.9535353535354	0.0064006409475125	2.4727272727272727	761.9941414141414	7.216962974037168	0.2213372462524526	0.1591146470497972	0.2761614493283764	0.1437541581404386	0.199632499228935	0.2761614493283764	2
tr|A0A1P8F2G9|A0A1P8F2G9_9PSED	66.48574302788845	539.0597609561753	0.0067185048819323	2.410358565737052	763.3350597609561	6.510783822092214	0.2193270801339467	0.1602217160190116	0.2789045345820252	0.1427485935284965	0.1987980757365199	0.2789045345820252	2
tr|A0A1P8F2J0|A0A1P8F2J0_9PSED	57.69713131313132	530.4787878787879	0.0056237854572565	4.454545454545454	671.4426262626262	5.735453867877503	0.2723760309110946	0.1302550448344845	0.2793553469079884	0.141586982136529	0.1764265952099033	0.2793553469079884	2
tr|A0A1Q3I0H7|A0A1Q3I0H7_9PSED	66.19576494023904	538.8406374501992	0.0066711845540891	2.4681274900398407	764.5053784860557	7.193878044928626	0.2201450846104169	0.1596836550808229	0.2783587866152284	0.1429733406286805	0.1988391330648512	0.2783587866152284	2
tr|A0A1Q4NXY1|A0A1Q4NXY1_SERMA	57.52179713114754	553.5266393442623	0.0049258097906737	4.854508196721311	716.5504098360656	6.0324698256980165	0.2655446277203522	0.1365172842240362	0.261782184953419	0.1486403368660503	0.187515566236142	0.2655446277203522	0
tr|A0A1Q5WC94|A0A1Q5WC94_SERMA	57.79568930041152	555.4506172839506	0.004937819800071	4.8559670781893	723.1858024691358	7.561481613495534	0.2634562614036421	0.1377656096304843	0.2605575282357045	0.1492372250023197	0.1889833757278493	0.2634562614036421	0
tr|A0A1Q8EPI7|A0A1Q8EPI7_9PSED	66.0595659229209	548.2454361054766	0.0063883269645149	2.4685598377281948	769.1423935091278	8.308672171543895	0.2198461795634748	0.1605772969512813	0.2745130998828561	0.1441934880123065	0.2008699355900811	0.2745130998828561	2
tr|A0A1Q8EPK9|A0A1Q8EPK9_9PSED	56.85834854771784	546.6078838174274	0.0052385607515502	4.699170124481328	681.5767634854772	7.197042629452068	0.2734626372288289	0.1314596495291787	0.2694894048548244	0.1451151358301805	0.1804731725569874	0.2734626372288289	0
tr|A0A1Q9C206|A0A1Q9C206_SYMMI	46.10256962864722	323.1737400530504	0.0061256983118763	4.607427055702917	399.0994031830239	45543.66695378103	0.2274248849515563	0.1094158608515316	0.2129058320781168	0.2532268319871052	0.1970265901316899	0.2532268319871052	3
tr|A0A1S1V148|A0A1S1V148_9PSED	63.4602589041096	555.1178082191781	0.0057705225712437	2.584931506849315	771.3320547945206	12.839380523046792	0.2245707246621078	0.157063065184797	0.2706029054030189	0.145829444781613	0.2019338599684631	0.2706029054030189	2
tr|A0A1S8H7Y1|A0A1S8H7Y1_9PSED	58.42438603696098	539.47022587269	0.0056239459155528	4.585215605749487	676.1973305954825	6.502172752829112	0.2702535170761798	0.1324618195568966	0.2751001435384086	0.1432811265780866	0.1789033932504282	0.2751001435384086	2
tr|A0A1T1HL37|A0A1T1HL37_9PSED	62.50022810590632	551.0162932790224	0.0056661470449393	2.574338085539715	748.0566191446028	5.797366548700079	0.2288978336510292	0.1530932385669671	0.2758977524972453	0.1442535971221936	0.1978575781625646	0.2758977524972453	2
tr|A0A1T1HL41|A0A1T1HL41_9PSED	55.62717248459959	539.4188911704313	0.0051086771475405	3.969199178644764	671.2281314168378	6.833539314098757	0.2708225875448466	0.1297589822518291	0.2787618349242194	0.1420172446171816	0.1786393506619232	0.2787618349242194	2
tr|A0A1V2JUV6|A0A1V2JUV6_9PSED	64.13680848153214	554.8700410396717	0.0059082639467414	2.58686730506156	773.2725034199726	9.440880828722658	0.2233078131713259	0.1581986749649754	0.2705697531806142	0.1457499888006663	0.2021737698824179	0.2705697531806142	2
tr|A0A1V3MRL3|A0A1V3MRL3_9PSED	66.85933601609658	543.7907444668008	0.0066814541479219	2.4185110663983904	774.476861167002	7.088627876121586	0.2176784244839815	0.1621758453625043	0.2752547130197446	0.1438030715081127	0.2010879456256568	0.2752547130197446	2
tr|A0A1V3T9J2|A0A1V3T9J2_9PSED	66.91097843665769	547.0902964959569	0.0066368510800945	2.4595687331536387	776.4780323450134	7.188743406675503	0.2177224196598457	0.1625185877557092	0.2737012629097545	0.1442978920498093	0.2017598376248811	0.2737012629097545	2
tr|A0A1V4F7Z6|A0A1V4F7Z6_9PSED	64.17762874251497	540.1576846307386	0.0062085627225367	2.475049900199601	755.8714570858283	5.830177988279503	0.2244156317424893	0.1558468239733642	0.2790130813489377	0.1430417854879699	0.1976826774472388	0.2790130813489377	2
tr|A0A1W5DJF6|A0A1W5DJF6_9GAMM	57.82585370741483	541.8176352705411	0.0050426449617729	3.3006012024048097	710.606613226453	8.097520805319943	0.2505644585282686	0.139395857344136	0.2784618527973779	0.1433665132948822	0.1882113180353351	0.2784618527973779	2
tr|A0A1X1P1Z3|A0A1X1P1Z3_9PSED	58.884744376278114	552.1840490797546	0.0050187816928193	2.703476482617587	726.8292433537832	6.58206639243142	0.2393337484207404	0.1454866229116547	0.2768213412763792	0.144209230341882	0.1941490570493436	0.2768213412763792	2
tr|A0A1X3AKL0|A0A1X3AKL0_ENTFL	79.41334782608696	479.0	0.0113917768102483	0.3478260869565217	814.0521739130435	15.33098258267066	0.1834143708564078	0.1910298686381654	0.2913839297286029	0.1350687203274102	0.1991031104494136	0.2913839297286029	2
tr|A0A1Y1T9L4|A0A1Y1T9L4_PSECL	57.903465696465695	547.1268191268191	0.0053901405703175	4.696465696465697	688.1692307692308	9.24794208389362	0.2694890993101481	0.1336525932398586	0.2693680446725909	0.1454623995482829	0.1820278632291194	0.2694890993101481	0
tr|A0A1Y1T9L5|A0A1Y1T9L5_PSECL	66.17084507042254	544.3340040241449	0.006534142772019	2.4688128772635816	769.271227364185	5.852349459399597	0.2196803347541681	0.1604908694603523	0.2757010979722304	0.1437983317364784	0.2003293660767705	0.2757010979722304	2
tr|A0A221DPR7|A0A221DPR7_SERMA	58.062863917525775	556.3278350515463	0.0049558062224936	4.855670103092783	724.3705154639175	8.750216910645287	0.2625715888994674	0.138323397205804	0.2603774769179487	0.1493507194402371	0.1893768175365427	0.2625715888994674	0
tr|A0A255YLA0|A0A255YLA0_9PSED	67.26801204819277	542.6767068273092	0.0068016056998006	2.391566265060241	772.0869477911647	9.753950779331484	0.2170746754936057	0.162589122715691	0.2762882424446617	0.1434171590548873	0.200630800291154	0.2762882424446617	2
tr|A0A266LVT5|A0A266LVT5_PSEFR	60.19935365853658	547.790650406504	0.0052995537810615	3.319105691056911	734.0522357723578	5.863400386228738	0.2420286158456886	0.1457022812474928	0.2737807855112189	0.1450786207217215	0.1934096966738781	0.2737807855112189	2
tr|A0A267A425|A0A267A425_PSEFR	60.12763147410359	533.4780876494024	0.0054275548188869	3.5139442231075697	723.9390438247012	5.052981538637325	0.2463094276799167	0.1426204008981553	0.2788267969277844	0.1432711356097007	0.1889722388844426	0.2788267969277844	2
tr|A0A267AIQ1|A0A267AIQ1_PSEFR	60.14212398373984	547.5426829268292	0.0052935667447322	3.3272357723577235	734.1678861788617	5.713600991498609	0.2422101311243165	0.1455883602704907	0.273746424381426	0.1450904901149129	0.1933645941088536	0.273746424381426	2
tr|A0A267CY73|A0A267CY73_PSEFR	59.98385258964144	533.292828685259	0.0054059872158296	3.50398406374502	723.49203187251	4.839147018207498	0.2465783003915764	0.142380925329012	0.2789469935090755	0.1432297047182304	0.1888640760521057	0.2789469935090755	2
tr|A0A291AH96|A0A291AH96_9PSED	58.44955761316873	540.9609053497942	0.0056149914817471	4.633744855967078	681.2207818930041	9.048455964631986	0.2695473163315946	0.13311352710321	0.2733965164371819	0.1439586710284536	0.1799839690995597	0.2733965164371819	2
tr|A0A291AHD2|A0A291AHD2_9PSED	66.972536	541.548	0.00679707951244	2.42	769.1028	6.235854587211733	0.2180595335891201	0.1616716605570912	0.2770334134024702	0.1432488517418703	0.1999865407094481	0.2770334134024702	2
tr|A0A293QLM5|A0A293QLM5_PSEFL	66.06831034482758	548.9939148073022	0.0063985252041593	2.4949290060851927	774.5774847870183	7.75422117329005	0.2194756671675179	0.1610753301597316	0.2731143450372656	0.1446281612141443	0.2017064964213405	0.2731143450372656	2
tr|A0A293QLQ6|A0A293QLQ6_PSEFL	57.08908298755186	546.9439834024896	0.0052214227276274	4.686721991701245	679.4022821576764	10.17693216396267	0.2731988906743861	0.1315858417672355	0.2700450502119612	0.1449256426459422	0.1802445747004748	0.2731988906743861	0
tr|A0A2A2DWE5|A0A2A2DWE5_9PSED	58.64858506224066	545.8672199170124	0.0055125401538199	4.668049792531121	685.2460580912863	10.301234094469642	0.2681541178482079	0.134270602269325	0.2711223400043764	0.1448972723819861	0.1815556674961044	0.2711223400043764	2
tr|A0A2A2DWI1|A0A2A2DWI1_9PSED	66.6558514056225	542.9598393574297	0.0066920188488348	2.433734939759036	772.4576305220884	4.465884538134043	0.218320686124263	0.1615628650135699	0.2757873581765403	0.1436777593793799	0.2006513313062468	0.2757873581765403	2
tr|A0A2A2PT73|A0A2A2PT73_9PSED	67.12602620967742	545.4818548387096	0.0067094116646554	2.4596774193548385	777.4072580645161	7.619075923072009	0.2173076053830145	0.1628296529833115	0.2740437659104495	0.1441532125241686	0.2016657631990558	0.2740437659104495	2
tr|A0A2A2PTE5|A0A2A2PTE5_9PSED	57.974245833333335	547.3895833333333	0.0054006005251759	4.654166666666667	689.3102083333334	9.163972244012616	0.2685986102900364	0.1340064158388305	0.2695479446577559	0.145460136235111	0.182386892978266	0.2695479446577559	2
tr|A0A2A5RAC0|A0A2A5RAC0_PSEFL	66.10026653306613	542.8657314629259	0.0065435753278024	2.4549098196392785	765.3547094188377	7.392580814424347	0.2200879973907929	0.1599473514561974	0.2769782567502943	0.1434132689199597	0.1995731254827555	0.2769782567502943	2
tr|A0A2A5RAF1|A0A2A5RAF1_PSEFL	58.22756092436975	550.7373949579832	0.0053796249451073	4.617647058823529	693.0119747899159	9.337911993489692	0.2665388855673052	0.1351914053267395	0.2685301120227097	0.1459812706063385	0.1837583264769069	0.2685301120227097	2
tr|A0A2C5W3H0|A0A2C5W3H0_PSEPU	67.51899796334013	550.4256619144603	0.0066906489950251	2.468431771894094	784.3859470468432	11.023501001495472	0.2160906911965704	0.1643622316757835	0.2713151750010399	0.1449396081653268	0.2032922939612793	0.2713151750010399	2
tr|A0A2C5W5X1|A0A2C5W5X1_PSEPU	57.91180665280665	546.3097713097713	0.0053964903069927	4.652806652806653	689.598128898129	11.620601330555868	0.2687711666544744	0.1338485038296104	0.2697761885202767	0.1453641988759203	0.182239942119718	0.2697761885202767	2
tr|A0A2C8EVV4|A0A2C8EVV4_9PSED	56.61382834331337	540.0818363273453	0.0049315389679498	3.4251497005988023	707.8257485029941	3.288410017952621	0.2550636738229641	0.1369105034985114	0.2775988600634933	0.143511942791161	0.18691501982387	0.2775988600634933	2
tr|A0A2G0Y8R8|A0A2G0Y8R8_9PSED	64.13680848153214	554.8700410396717	0.0059082639467414	2.58686730506156	773.2725034199726	9.440880828722658	0.2233078131713259	0.1581986749649754	0.2705697531806142	0.1457499888006663	0.2021737698824179	0.2705697531806142	2
tr|A0A2H4W0P4|A0A2H4W0P4_9PSED	59.589318	539.856	0.0053451351065747	3.54	720.0201999999999	4.968143078696388	0.2480190188004048	0.1419419476301243	0.2769296459855235	0.1438815831430143	0.189227804440933	0.2769296459855235	2
tr|A0A2J7UGH8|A0A2J7UGH8_9PSED	54.42751120162933	523.1853360488799	0.0050700092427641	5.069246435845214	638.0091649694501	3.909619661298356	0.2981778240028356	0.1195652875461123	0.2764961613088924	0.1397084969084503	0.166052230233709	0.2981778240028356	0
tr|A0A2J7UGI5|A0A2J7UGI5_9PSED	64.70636746987952	544.1646586345381	0.0062359905451454	2.461847389558233	757.0024096385542	6.624931699281721	0.223275642117663	0.1570904079671076	0.2777780555644176	0.1433660699645502	0.1984898243862616	0.2777780555644176	2
tr|A0A2J7UQR8|A0A2J7UQR8_9PSED	57.3812612244898	536.3857142857142	0.0054691769803559	4.536734693877551	676.4322448979592	9.20963625759085	0.2724970887156754	0.1308614106852468	0.2754657662558977	0.1429818475972297	0.1781938867459503	0.2754657662558977	2
tr|A0A2J7URJ7|A0A2J7URJ7_9PSED	66.71532037533512	544.7278820375335	0.0066635696574404	2.445040214477212	773.6	7.704749300103541	0.2181973665688861	0.161844189950622	0.2749844131609978	0.1439237255827561	0.2010503047367379	0.2749844131609978	2
tr|A0A2K1FJ47|A0A2K1FJ47_9PSED	60.12309183673469	552.9918367346938	0.0053636320955186	5.036734693877551	723.5716326530612	6.059543597561206	0.2604288112106647	0.1402513026203275	0.2615775765397302	0.1489754893779657	0.1887668202513117	0.2615775765397302	2
tr|A0A2K2J0L1|A0A2K2J0L1_SERMA	57.60944032921811	555.3065843621399	0.0049142531155631	4.872427983539095	722.3798353909465	6.754603759666634	0.2641891313748768	0.1373834150946661	0.2604316634782989	0.1492484633349849	0.1887473267171732	0.2641891313748768	0
tr|A0A2K4FXA8|A0A2K4FXA8_9PSED	63.77959126984127	537.4702380952381	0.0061754863670683	2.4682539682539684	752.7043650793651	5.27197091958665	0.2254036860297664	0.1547480838771341	0.2804128316368733	0.142649714562474	0.196785683893752	0.2804128316368733	2
tr|A0A2K4GE82|A0A2K4GE82_9PSED	56.35715145228216	546.1535269709543	0.0051835757535023	4.794605809128631	677.6985477178423	14.141404795603734	0.276650614740052	0.1300905890848681	0.2688136471634228	0.1450976278578219	0.1793475211538352	0.276650614740052	0
tr|A0A2K4GEK6|A0A2K4GEK6_9PSED	63.326428	541.696	0.0059790013883839	2.43	743.949	4.876831634598728	0.2268140944111518	0.153626248799439	0.2808740337327914	0.142563439445617	0.1961221836110006	0.2808740337327914	2
tr|A0A2K4GVD8|A0A2K4GVD8_9PSED	57.8638112033195	545.5352697095435	0.0054120206814886	4.651452282157677	686.7278008298755	9.377061786287245	0.2695469741123408	0.1333826557270661	0.2704204544404069	0.1450662042448329	0.1815837114753531	0.2704204544404069	2
tr|A0A2K4GVE3|A0A2K4GVE3_9PSED	67.3679109311741	547.5748987854251	0.0067374044177357	2.465587044534413	780.3854251012147	9.95867926181586	0.2166898906190507	0.1635931177262584	0.2728786903484684	0.1444782841173151	0.2023600171889071	0.2728786903484684	2
tr|A0A2K4IFY2|A0A2K4IFY2_9PSED	66.72249196787149	543.3995983935743	0.0066859992307572	2.5060240963855422	772.9375502008032	7.995344472617227	0.2187493337189198	0.1614945875871143	0.2752176584558739	0.1438755381916433	0.2006628820464485	0.2752176584558739	2
tr|A0A2K4J4X2|A0A2K4J4X2_9PSED	64.93122745625841	546.9232839838493	0.0062316004537344	2.4697173620457606	769.5798115746973	6.55572405468687	0.221581395769559	0.1588468740420681	0.2744726664965435	0.1443548410423949	0.2007442226494343	0.2744726664965435	2
tr|A0A2K8TD60|A0A2K8TD60_ENTMU	79.24282608695653	478.9565217391304	0.0112524449177777	0.217391304347826	813.4869565217392	14.372933890753204	0.1828814569341377	0.1911943461774518	0.2918474758357005	0.1348937790238389	0.199182942028871	0.2918474758357005	2
tr|A0A2K9DSC9|A0A2K9DSC9_9PSED	57.68743153526971	546.3630705394191	0.005372867841966	4.699170124481328	682.311203319502	9.45534303179902	0.2713413790096854	0.1326184245162251	0.2702560744549708	0.1449895842112791	0.1807945378078395	0.2713413790096854	0
tr|A0A2K9DVI0|A0A2K9DVI0_9PSED	66.33305410821644	542.2865731462925	0.0066270016060355	2.476953907815631	767.4765531062124	5.76276258825326	0.219686964707829	0.1603925616310855	0.2766881250179276	0.1434733322059602	0.1997590164371974	0.2766881250179276	2
tr|A0A2K9M333|A0A2K9M333_PSEFL	64.31908739837398	548.69918699187	0.0060329602010721	2.5040650406504064	768.0063008130081	10.961156072328912	0.2229885379545549	0.1578016973955757	0.2738522210639116	0.1446491090407579	0.2007084345451998	0.2738522210639116	2
tr|A0A2L0LN65|A0A2L0LN65_9PSED	59.09376180698152	554.2422997946612	0.0050320311582352	2.722792607802875	733.6373716632444	8.07497717258568	0.2380910750751158	0.1466079516850619	0.274900676904062	0.1448494572370861	0.1955508390986741	0.274900676904062	2
tr|A0A2M8SP98|A0A2M8SP98_9PSED	64.43591105121294	546.9743935309973	0.006132281708927	2.466307277628032	770.2324797843665	8.024730559842894	0.2222606153437762	0.1581984586583481	0.2741744783113405	0.1445117249483984	0.2008547227381366	0.2741744783113405	2
tr|A0A2M9VFE7|A0A2M9VFE7_9PSED	58.73369230769231	548.15991902834	0.0050642251938319	2.661943319838057	719.815991902834	7.305506722488229	0.2403550468547128	0.1443027297942237	0.2796517898115377	0.1432675629708717	0.1924228705686538	0.2796517898115377	2
tr|A0A2N0DMB0|A0A2N0DMB0_9PSED	66.42240442655935	544.9859154929577	0.0065624418013661	2.4627766599597587	768.0830985915493	5.519507128431387	0.2193621330524407	0.1608178642004111	0.2758397695483756	0.1437227655019181	0.2002574676968543	0.2758397695483756	2
tr|A0A2N1EWY5|A0A2N1EWY5_9PSED	57.31652057613169	539.6460905349794	0.0054143175696443	4.3539094650205765	676.5232510288066	7.925737300094682	0.2701835190596398	0.1316049807849184	0.2760293406946781	0.1429765947787596	0.1792055646820039	0.2760293406946781	2
tr|A0A2N1EWZ2|A0A2N1EWZ2_9PSED	65.29803012048193	542.8734939759037	0.0063251745583253	2.4116465863453813	764.7333333333333	6.256567964368771	0.2210629901976159	0.1588274097222949	0.2770761693527812	0.1434761108938351	0.1995573198334728	0.2770761693527812	2
tr|A0A2N1GT25|A0A2N1GT25_9PSED	65.40274603174602	536.7579365079365	0.0065105339824953	2.4761904761904763	756.0551587301587	5.839605943285053	0.2224044420912992	0.1574444900807095	0.2804891220148902	0.1424348195254438	0.1972271262876572	0.2804891220148902	2
tr|A0A2N7XQ26|A0A2N7XQ26_9PSED	66.79960956175299	538.8804780876494	0.006794526019402	2.400398406374502	767.1876494023904	7.483321852646486	0.218357360391699	0.1611083768908977	0.2782955192075708	0.1428778588616024	0.19936088464823	0.2782955192075708	2
tr|A0A2N8AVR6|A0A2N8AVR6_9PSED	64.862498989899	545.9919191919192	0.0061944683936601	3.1818181818181817	758.0274747474747	6.347379744897741	0.2291276896714914	0.1551731391120773	0.2731072930579784	0.1450307106846398	0.1975611674738129	0.2731072930579784	2
tr|A0A2N8BHJ8|A0A2N8BHJ8_9PSED	57.91204573804573	547.1143451143452	0.0053911071840572	4.696465696465697	686.4929313929314	8.219031523927931	0.2698226843510009	0.1334740431864267	0.2696352638223507	0.1453366777364355	0.181731330903786	0.2698226843510009	0
tr|A0A2N8BHY4|A0A2N8BHY4_9PSED	66.27364848484848	546.3656565656565	0.0065102449926912	2.470707070707071	772.1656565656566	6.240616930138076	0.2192282031056448	0.1610575910306683	0.2745384616361661	0.1441437586964613	0.2010319855310594	0.2745384616361661	2
tr|A0A2N8BTJ2|A0A2N8BTJ2_9PSED	55.96537909836066	540.4918032786885	0.0052227701500784	4.674180327868853	673.4838114754098	6.146396858043642	0.2778537874392368	0.128756357904963	0.271860899665249	0.1438443215635832	0.1776846334269677	0.2778537874392368	0
tr|A0A2N8E1V7|A0A2N8E1V7_9PSED	66.32027217741935	545.9616935483871	0.0065150854144195	2.481854838709677	766.5391129032258	6.16348918089685	0.2198344585869174	0.1605137293060357	0.2757263394869482	0.1437859567479929	0.2001395158721057	0.2757263394869482	2
tr|A0A2N8E1V9|A0A2N8E1V9_9PSED	58.3305347368421	551.6884210526316	0.0053782917916292	4.623157894736842	694.4254736842105	11.408062890824732	0.2659845873873953	0.1355695528402954	0.2680772462854552	0.1461865013644998	0.1841821121223541	0.2680772462854552	2
tr|A0A2N8EIJ7|A0A2N8EIJ7_9PSED	67.12581653225806	545.383064516129	0.006730716585459	2.4294354838709675	774.9431451612903	8.563568154219924	0.2173113812272676	0.1626919797676698	0.2746985503181368	0.1439433340429081	0.2013547546440175	0.2746985503181368	2
tr|A0A2N8F4L3|A0A2N8F4L3_9PSED	59.24915662650603	533.9618473895582	0.0053011429775851	2.632530120481928	712.2275100401606	6.546494504793046	0.2405860872868856	0.1429359556730689	0.2866829241683422	0.1409398273953294	0.1888552054763737	0.2866829241683422	2
tr|A0A2N8H9Y3|A0A2N8H9Y3_9PSED	66.38642714570858	540.7225548902196	0.0066802667644287	2.435129740518962	765.0325349301397	5.344866319478102	0.219514399075148	0.1602681252008001	0.2778894480383451	0.1430820266101349	0.1992460010755716	0.2778894480383451	2
tr|A0A2N8H9Y6|A0A2N8H9Y6_9PSED	57.56392783505155	542.0061855670103	0.0054212353007054	4.589690721649484	681.9224742268042	6.03683970348799	0.2709378777093316	0.1322129390338918	0.2725156253132928	0.144186570470364	0.1801469874731197	0.2725156253132928	2
tr|A0A2R3H0X9|A0A2R3H0X9_9GAMM	54.640342574257424	536.4732673267326	0.0048622207876392	4.376237623762377	676.5687128712872	3.611983839310843	0.2773489302148634	0.1276986241489861	0.2739782746527421	0.1431534586881906	0.1778207122952177	0.2773489302148634	0
tr|A0A2R3H7N4|A0A2R3H7N4_9GAMM	50.97345511482255	563.0751565762005	0.0040297815227135	5.014613778705637	691.1014613778705	10.659844152761432	0.2863716545693698	0.1263431575454848	0.2548728185050419	0.1497818183403446	0.1826305510397587	0.2863716545693698	0
tr|A0A2R4HCG4|A0A2R4HCG4_9PSED	62.81367	536.93	0.0059421233619274	2.664	743.6962	7.118133392541928	0.2299361836217154	0.1516665803381685	0.2809244010194674	0.1426163890004703	0.1948564460201783	0.2809244010194674	2
tr|A0A2R4PX28|A0A2R4PX28_9PSED	67.21657575757577	545.9434343434343	0.0066933494722113	2.4444444444444446	779.7486868686868	9.78127796790116	0.2168149011532937	0.1632731742681153	0.2735396877677984	0.144283415761778	0.2020888210490145	0.2735396877677984	2
tr|A0A2R7K6H6|A0A2R7K6H6_9PSED	66.47623822341858	546.9771197846568	0.0065417594199116	2.468371467025572	780.0080753701211	7.857759597451015	0.2180910808165332	0.1621660861550804	0.2728958743541311	0.1446066763789174	0.2022402822953377	0.2728958743541311	2
tr|A0A2R7K6K9|A0A2R7K6K9_9PSED	58.25902083333334	547.5104166666666	0.0054582667023006	4.660416666666666	689.9914583333334	8.609513029013627	0.2678529633832222	0.1344621602105991	0.2696142086464158	0.145484616503426	0.1825860512563368	0.2696142086464158	2
tr|A0A2R7NHN1|A0A2R7NHN1_9PSED	58.04533402489626	545.1265560165975	0.0054358855734637	4.616182572614108	685.9458506224067	8.763625512636429	0.2689332565635811	0.1335824797879677	0.271144451998347	0.1448408197327268	0.1814989919173772	0.271144451998347	2
tr|A0A2S4BQ93|A0A2S4BQ93_9PSED	67.34191146881288	543.8028169014085	0.006770932213679	2.432595573440644	775.2519114688129	7.670069611135795	0.2169818473532987	0.1629359434078406	0.2751438211879821	0.1437706919925662	0.2011676960583122	0.2751438211879821	2
tr|A0A2S4G9H9|A0A2S4G9H9_9PSED	64.99231589537223	545.0643863179074	0.0062594454520221	2.4788732394366195	759.561569416499	9.911263173934923	0.2226634771253403	0.1577832803310856	0.2769871651417663	0.1435798586418578	0.1989862187599498	0.2769871651417663	2
tr|A0A2S4G9S0|A0A2S4G9S0_9PSED	55.12900205338809	527.6201232032854	0.0051167821541052	5.106776180698152	645.2322381930185	7.381299914088278	0.2940190746346372	0.1218271165667326	0.274586611733515	0.1409859889824639	0.1685812080826512	0.2940190746346372	0
tr|A0A2S4XCR8|A0A2S4XCR8_SERMA	57.72427122153209	558.8343685300207	0.0048834244273659	4.888198757763975	720.2445134575569	10.607710228388855	0.2641762132081297	0.137598497356745	0.2597751437295563	0.1495007933131459	0.188949352392423	0.2641762132081297	0
tr|A0A2S7RL53|A0A2S7RL53_ENTFC	78.96308695652174	479.1304347826087	0.011063009839109	0.1739130434782608	810.0173913043479	8.517792928750515	0.1830507238533608	0.1905747922545152	0.2928788099103809	0.1346726258846473	0.1988230480970956	0.2928788099103809	2
tr|A0A2S8HMV3|A0A2S8HMV3_9PSED	58.69029835390947	540.1748971193416	0.0056599815118031	4.580246913580247	681.4191358024692	9.172407849429913	0.268397877198768	0.1335156189655336	0.2743207026353173	0.1437058057138231	0.1800599954865576	0.2743207026353173	2
tr|A0A2S8HNV8|A0A2S8HNV8_9PSED	66.58735984095428	538.5089463220676	0.0067931658563086	2.3976143141153083	764.0940357852883	4.921411693572037	0.2189847274344048	0.1604583270429347	0.2790151757788269	0.1426927990305919	0.1988489707132414	0.2790151757788269	2
tr|A0A2S8Q371|A0A2S8Q371_PHOLU	54.74443032786885	551.469262295082	0.0044887595026937	3.3422131147540983	708.3567622950819	10.072355308007577	0.2572070375888968	0.1359564655312013	0.2727804567419597	0.1452070851223608	0.1888489550155813	0.2727804567419597	2
tr|A0A2S8QEI0|A0A2S8QEI0_PHOLU	54.74600409836066	551.5102459016393	0.0044880577018777	3.346311475409836	708.3504098360655	9.861489503245576	0.2572473960976484	0.1359492442482993	0.2727403540165742	0.1452186015567935	0.1888444040806844	0.2727403540165742	2
tr|A0A2S9BEN1|A0A2S9BEN1_9PSED	66.2039156626506	542.8192771084338	0.0065336320366108	2.433734939759036	770.6586345381526	5.701053597492597	0.2192020329126129	0.1606943596924458	0.2760643624689708	0.1436606618637414	0.2003785830622289	0.2760643624689708	2
tr|A0A2T3WR10|A0A2T3WR10_9GAMM	57.728163599182	552.5276073619632	0.0049678963721857	4.850715746421268	717.8265848670757	6.202971706992592	0.2648987822556587	0.1368398174086115	0.2620710610381162	0.1485656306583649	0.1876247086392485	0.2648987822556587	0
tr|A0A2T6GSM0|A0A2T6GSM0_9PSED	54.61167355371901	527.6487603305785	0.0049752264131072	4.993801652892562	646.8448347107438	10.47982708960784	0.2936047295211953	0.121603891723352	0.2749013788435077	0.1409278362338931	0.1689621636780517	0.2936047295211953	0
tr|A0A2T6GSM1|A0A2T6GSM1_9PSED	64.33484210526315	528.8654970760234	0.0064599804420024	2.38401559454191	738.0037037037038	2.3294456472289164	0.2254178616716966	0.1536256094580649	0.2871802111085073	0.1405049829900634	0.1932713347716678	0.2871802111085073	2
tr|A0A2U1QSC4|A0A2U1QSC4_9PSED	65.907502	541.046	0.0065408208376946	2.484	761.7164	7.666759043207498	0.2210270779037997	0.1590666883012681	0.2780747542811342	0.1431147670210791	0.1987167124927188	0.2780747542811342	2
tr|A0A2U2DBS9|A0A2U2DBS9_9PSED	57.55349689440994	542.5072463768116	0.0053858159454338	4.10351966873706	680.7908902691512	11.963974007159193	0.2655700993760389	0.1333930770407251	0.2768464771799543	0.1430436628783885	0.181146683524893	0.2768464771799543	2
tr|A0A2U2DBV4|A0A2U2DBV4_9PSED	65.29803012048193	542.8734939759037	0.0063251745583253	2.4116465863453813	764.7333333333333	6.256567964368771	0.2210629901976159	0.1588274097222949	0.2770761693527812	0.1434761108938351	0.1995573198334728	0.2770761693527812	2
tr|A0A2U8TRS2|A0A2U8TRS2_9PSED	67.45733601609659	543.0422535211268	0.0068342450157284	2.374245472837022	779.1629778672033	9.663593332903902	0.215958253950342	0.1636431131955948	0.2748899354530255	0.1437903883418456	0.2017183090591921	0.2748899354530255	2
tr|A0A2U8TRS8|A0A2U8TRS8_9PSED	58.92810655737705	538.0717213114754	0.0057156239412948	4.547131147540983	681.848975409836	8.563684815801922	0.2675548059824725	0.1337526739701158	0.275440859582209	0.1433599163125661	0.1798917441526363	0.275440859582209	2
tr|A0A2U9ALW9|A0A2U9ALW9_SERMA	57.98771574642127	552.5521472392638	0.0050073725681366	4.85480572597137	720.8891615541922	6.793359137738085	0.2637649150621327	0.1375040878477895	0.2618115166539234	0.1487303335909091	0.1881891468452452	0.2637649150621327	0
tr|A0A2U9FLF4|A0A2U9FLF4_SERMA	57.88460450819672	553.360655737705	0.0049743634315475	4.844262295081967	720.1018442622951	7.611910119282539	0.2639604189390913	0.1373850324646339	0.2617038243386604	0.1487609940953138	0.1881897301623004	0.2639604189390913	0
tr|A0A2V3CBP7|A0A2V3CBP7_9PSED	58.01499166666667	548.35625	0.0053844856599301	4.722916666666666	685.2420833333333	11.02776188278762	0.2700011833747725	0.1335390705063406	0.2693128610523903	0.145442556559449	0.1817043285070475	0.2700011833747725	0
tr|A0A2V3CIX2|A0A2V3CIX2_9PSED	66.38134136546185	543.3293172690763	0.0066055625619012	2.4879518072289155	769.5638554216868	4.925532988236268	0.2194836892521117	0.1607028464891381	0.2759130083811156	0.1437081914671512	0.2001922644104833	0.2759130083811156	2
tr|A0A2V4FRI5|A0A2V4FRI5_SERMA	57.72476639344263	553.4610655737705	0.0049536606927627	4.838114754098361	713.9512295081968	7.11163185352368	0.2654683284845201	0.1365353159562542	0.2624641836208949	0.1483751458625179	0.1871570260758127	0.2654683284845201	0
tr|A0A2V4H8Z0|A0A2V4H8Z0_SERMA	57.783773006134965	552.3231083844581	0.0049653741365865	4.846625766871166	717.8034764826176	8.351125072264436	0.2647579765889965	0.1369020983180779	0.2622031909373692	0.148522378004589	0.1876143561509672	0.2647579765889965	0
tr|A0A2V4IMB6|A0A2V4IMB6_9PSED	58.76297368421053	546.091093117409	0.0050772896616324	2.67004048582996	723.9366396761134	7.400615661890982	0.2398527183716715	0.1445706921160346	0.2795042985820235	0.1433192559192652	0.1927530350110051	0.2795042985820235	2
tr|A0A2V4KR80|A0A2V4KR80_9PSED	66.7427483266399	544.0080321285141	0.006684742767725	2.4417670682730925	773.10093708166	6.566051359903218	0.2181825659544426	0.1618002732582505	0.2753235824021859	0.1438129465793577	0.2008806318057633	0.2753235824021859	2
tr|A0A2V4L756|A0A2V4L756_9PSED	58.82156680161943	547.5587044534414	0.0050862811959327	2.694331983805668	717.1884615384615	4.782644157690378	0.2409259538825568	0.1439722357575458	0.2802260698352821	0.1430582257191348	0.1918175148054804	0.2802260698352821	2
tr|A0A2V4LX58|A0A2V4LX58_9PSED	57.38632244897959	536.7408163265306	0.005475961346056	4.563265306122449	676.6918367346939	8.947460668266869	0.2727042005680584	0.1308711279426656	0.2750670739537256	0.1431085733275271	0.1782490242080231	0.2750670739537256	2
tr|A0A2W0FAD0|A0A2W0FAD0_9PSED	64.85521471172962	539.0854870775348	0.0063766936008066	2.451292246520875	748.8196819085487	5.013250745452244	0.2238834278549303	0.1561319434211875	0.2811992350544425	0.1422897444104224	0.1964956492590171	0.2811992350544425	2
tr|A0A2W0FPV3|A0A2W0FPV3_9PSED	54.40787733887733	539.9459459459459	0.0049499344076113	5.230769230769231	653.3014553014553	13.768971216304656	0.2935698718612452	0.1230889635206232	0.2675359764471343	0.1437576083474011	0.1720475798235961	0.2935698718612452	0
tr|A1Z374|A1Z374_PSECL	65.85880808080809	546.6282828282829	0.0064543885679181	3.319191919191919	758.4979797979798	6.498521089004003	0.2285596646472819	0.156312815531362	0.2724098791343202	0.1452042829552474	0.1975133577317883	0.2724098791343202	2
tr|J2FCI5|J2FCI5_9PSED	66.25886666666668	546.0808080808081	0.0065018647587843	2.4606060606060605	771.9907070707071	6.086082405736814	0.2191884593859686	0.1610336833434983	0.2747028336451005	0.1440903140878617	0.2009847095375707	0.2747028336451005	2
tr|Q4KBS6|Q4KBS6_PSEF5	65.3989940357853	539.2067594433399	0.0065184988947314	2.4314115308151094	752.3984095427436	5.326069100256175	0.2224140128899023	0.1573998812530534	0.2807025600499156	0.142367428375763	0.1971161174313656	0.2807025600499156	2
tr|Q9X3C0|Q9X3C0_PSECL	65.45597011952191	540.2091633466135	0.0065058768981804	2.440239043824701	753.603187250996	5.7438887492492094	0.2222622685505433	0.1576530853458907	0.2800995035227482	0.1425480800511991	0.1974370625296186	0.2800995035227482	2
tr|S4YII7|S4YII7_SERPL	57.368906122448976	551.1469387755102	0.0049227922870723	4.789795918367347	705.1524489795919	9.2851042028526	0.2677817791674309	0.1350026386336268	0.264428308446444	0.1474707485691402	0.1853165251833579	0.2677817791674309	0
tr|T1VYF8|T1VYF8_SERMA	57.669164609053496	555.3065843621399	0.0049209207598501	4.872427983539095	722.5067901234568	6.912154665134255	0.2640365404407921	0.1374748226017082	0.2604625745885177	0.1492441174546227	0.1887819449143592	0.2640365404407921	0
tr|U7A2K8|U7A2K8_9PSED	64.61777016129032	546.2231182795699	0.0061882934279246	2.46505376344086	766.5150537634408	6.502257271442625	0.2223785444280272	0.1580485301136895	0.275201263880933	0.1441702715488544	0.2002013900284956	0.275201263880933	2
tr|U7QWU7|U7QWU7_PHOTE	54.549293877551015	547.8551020408163	0.0044827868117718	3.110204081632653	706.7716326530611	7.668724826830399	0.2555878471624451	0.1358857283793263	0.2757336676742011	0.1442923109941167	0.1885004457899107	0.2757336676742011	2
tr|V8R4Z3|V8R4Z3_9PSED	56.18231340206185	540.7958762886598	0.0051980062675062	4.548453608247423	672.3065979381444	8.259221002033472	0.2760575909371635	0.1292453430713727	0.2733551828449125	0.1434585476727984	0.1778833354737525	0.2760575909371635	0
tr|V8R6J6|V8R6J6_9PSED	66.39023246492987	541.376753507014	0.0066466862049022	2.468937875751503	766.9823647294589	7.219688971820879	0.2195823839183557	0.1603970703506581	0.2771192252645235	0.1433286964420277	0.1995726240244348	0.2771192252645235	2
tr|W2DE54|W2DE54_9PSED	64.21377166437414	557.321870701513	0.0058813532553135	2.8844566712517192	778.291334250344	10.61656566668519	0.2250211223219854	0.157978827564417	0.2675025169881142	0.1468358959369977	0.2026616371884854	0.2675025169881142	2
