query_acc	mean_jaccard	% identity	alignment length	mismatches	gap opens	bit score	evalue	Membership Cluster 1	Membership Cluster 2	Membership Cluster 3	Membership Cluster 4	Membership Cluster 5	Max Membership	Assigned Cluster
tr|A0A1A3R3B6|A0A1A3R3B6_9MYCO	0.2016185035842294	75.43371951219513	229.9390243902439	0.0184778288205014	0.3445121951219512	340.9463414634146	7.129926387857552	0.1572229259782327	0.2991168462251802	0.144242268608759	0.2838236997480966	0.1155942594397314	0.2991168462251802	1
tr|A0A1A2M8R2|A0A1A2M8R2_9MYCO	0.2016185035842294	75.81246483180428	232.14678899082568	0.0185468742188033	0.4159021406727828	342.5761467889908	11.472367907261154	0.1576845072607945	0.2987079032490846	0.1442416293369123	0.2836805536911729	0.1156854064620355	0.2987079032490846	1
tr|A0A1A3UKZ3|A0A1A3UKZ3_9MYCO	0.2016185035842294	75.76015902140672	232.2415902140673	0.0184693555269814	0.4311926605504587	339.14709480122326	10.971950393362636	0.1568802047318414	0.2996497760092549	0.1437000172982127	0.2843060747789587	0.115463927181732	0.2996497760092549	1
tr|A0A1A2TUP7|A0A1A2TUP7_9MYCO	0.2016185035842294	76.18701215805471	230.1580547112462	0.0191524005698336	0.4133738601823708	340.2279635258359	9.372340883147949	0.1588940948832082	0.2977749718088715	0.1444035452096785	0.2829924136347536	0.1159349744634881	0.2977749718088715	1
tr|A0A1Q4HP95|A0A1Q4HP95_9MYCO	0.2016185035842294	75.72368098159508	232.2730061349693	0.0183651591532635	0.3711656441717791	342.34907975460123	13.695603039247562	0.1578606662991189	0.2984464602937279	0.1445193247901636	0.2834117200541406	0.1157618285628488	0.2984464602937279	1
tr|A0A1C4NLA6|A0A1C4NLA6_9ACTN	0.2016185035842294	39.05757533333333	63.87466666666667	0.02606337936213	0.5113333333333333	85.33520000000001	76982.56808108269	0.1714184481349698	0.1629624751084155	0.2628794603444821	0.1483563465268297	0.2543832698853028	0.2628794603444821	2
tr|A0A1A2VCF8|A0A1A2VCF8_9MYCO	0.2016185035842294	75.32235779816514	232.0275229357798	0.0181424734062423	0.363914373088685	340.38379204892965	10.091574091133362	0.1563815387195769	0.2999087868800784	0.1439277925601955	0.2843881338551646	0.1153937479849845	0.2999087868800784	1
tr|A0A1A0VQQ4|A0A1A0VQQ4_9MYCO	0.2016185035842294	75.83188719512195	231.97256097560972	0.0186310672473785	0.4207317073170731	339.8463414634146	9.2882904108592	0.1573897852722168	0.2991396105415066	0.1439367065233492	0.2839464530557289	0.1155874446071985	0.2991396105415066	1
tr|A0A1A3GVK4|A0A1A3GVK4_9MYCO	0.2016185035842294	76.37848012232416	232.63914373088684	0.0189279890081891	0.4250764525993883	342.4015290519877	11.37657615156468	0.1594534095189925	0.2971051121115051	0.1447771015209922	0.2825651081097522	0.1160992687387578	0.2971051121115051	1
tr|A0A1R0UZF5|A0A1R0UZF5_9MYCO	0.2016185035842294	76.28440853658536	231.8109756097561	0.0190442975982525	0.4176829268292683	341.6524390243902	9.338535580957348	0.1592289816045036	0.2973661911611755	0.144644722270372	0.2827290984191938	0.1160310065447548	0.2973661911611755	1
tr|A0A1A2Z8L2|A0A1A2Z8L2_9MYCO	0.2016185035842294	76.31757012195122	231.1768292682927	0.0191175576904127	0.399390243902439	341.5551829268293	8.587898185229948	0.1595909690851271	0.2970168931908833	0.1448175693648139	0.282452433372988	0.1161221349861876	0.2970168931908833	1
tr|A0A1A2E5Q6|A0A1A2E5Q6_9MYCO	0.2016185035842294	76.27977607361963	231.8067484662577	0.0188450163920022	0.3588957055214724	343.1644171779141	15.020784895909596	0.1600478082080274	0.2963972011699641	0.1453093681061604	0.281964091734948	0.1162815307808999	0.2963972011699641	1
tr|A0A1A2Y6U1|A0A1A2Y6U1_9MYCO	0.2016185035842294	75.88758841463415	230.78048780487805	0.0187890209298282	0.3932926829268293	341.5576219512195	8.844956541061086	0.1582055812810309	0.2982735928967522	0.1443923202676533	0.2833269077011017	0.1158015978534618	0.2982735928967522	1
tr|A0A1A2SKP9|A0A1A2SKP9_9MYCO	0.2016185035842294	76.0292256097561	230.7408536585366	0.0189038060051591	0.4207317073170731	340.39573170731705	7.941257933989954	0.1582108070780305	0.2983858415808556	0.1441894325897399	0.2834348589934087	0.1157790597579651	0.2983858415808556	1
tr|A0A1X1ZBS8|A0A1X1ZBS8_9MYCO	0.2016185035842294	76.04936585365854	232.02439024390245	0.0188116505103112	0.4146341463414634	343.73993902439025	10.01426422025516	0.1586893602663098	0.2977376869412704	0.144629236299708	0.2830193155400886	0.1159244009526231	0.2977376869412704	1
tr|A0A1A2JBJ5|A0A1A2JBJ5_9MYCO	0.2016185035842294	75.65806325301205	228.789156626506	0.0190432451976841	0.3674698795180723	337.76445783132533	6.74340060755602	0.1575163404978527	0.2991185763716542	0.1439472120208164	0.2838186816225814	0.1155991894870953	0.2991185763716542	1
tr|A0A1Q9C206|A0A1Q9C206_SYMMI	0.1271017345110086	46.10256962864722	323.1737400530504	0.0061256983118763	4.607427055702917	399.0994031830239	45543.66695378103	0.0863993462265726	0.1694561676543096	0.2031878464754798	0.2749208042913075	0.2660358353523304	0.2749208042913075	3
tr|Q3MNL1|Q3MNL1_TERSD	0.0011956765232974	77.193	331.0	0.0810810153397172	0.3333333333333333	637.5666666666667	0.8333263889467588	0.1862548918017917	0.1850325082306176	0.1798490493114272	0.2822869834232046	0.1665765672329587	0.2822869834232046	3
tr|Q3MNR4|Q3MNR4_TERSD	0.1081865239375319	79.798	203.0	0.1499997750003375	0.0	362.26666666666665	0.3225796045819207	0.212961886401221	0.2117272858963379	0.1690054257827509	0.2507402842973469	0.1555651176223431	0.2507402842973469	3
tr|Q3MNP3|Q3MNP3_TERSD	0.1623847986877215	25.621214666666667	266.312	0.0055413120234667	8.282666666666668	246.31546666666668	49272.03089250059	0.057983694387535	0.256029571952198	0.127214442673468	0.2889679219274059	0.269804369059393	0.2889679219274059	3
tr|E1X1A6|E1X1A6_HALMS	0.2379096262160777	26.018455696202533	289.81545636242504	0.0051170858967942	5.788807461692206	199.7107928047968	59835.49165796227	0.079091842581174	0.2718173310950439	0.1943468579082725	0.1699079338373268	0.2848360345781827	0.2848360345781827	4
tr|A0A1Z4EEM8|A0A1Z4EEM8_9MYCO	0.2405005920378904	47.729967333333335	67.61	0.0315086234376055	1.8266666666666669	84.51653333333333	99882.30725626869	0.2193622107856029	0.1235824965145301	0.2856444284064933	0.1061225160353017	0.265288348258072	0.2856444284064933	2
tr|A0A2N0C3P3|A0A2N0C3P3_9LEPT	0.2763925557902371	23.282315159574463	288.2619680851064	0.0052887537334494	6.86968085106383	170.85711436170214	64540.78129569445	0.091120982275798	0.281477215235225	0.1965234173044774	0.1589968841242646	0.2718815010602349	0.281477215235225	1
tr|A0A2N0A622|A0A2N0A622_9LEPT	0.2763925557902371	23.25768795741849	289.10911510312707	0.0052836951437322	6.961410512308716	173.3686626746507	67468.41632715725	0.0932248453228416	0.2618262582909907	0.2041778857808432	0.1533043266089759	0.2874666839963483	0.2874666839963483	4
tr|A0A1Z5I274|A0A1Z5I274_9GAMM	0.2369466979220003	26.3144399469144	282.6038487060385	0.0053721082372651	6.300597213005972	191.00690112806905	60838.22734643985	0.0786924439669419	0.2687395860777192	0.1880048205347392	0.1707564902334326	0.2938066591871668	0.2938066591871668	4
tr|A0A011Q145|A0A011Q145_9PROT	0.2763925557902371	64.6192	31.0	0.1190474773244317	0.2	46.02	0.2932542719816071	0.1844040016504971	0.2898607169186944	0.1524543025260402	0.2337893378562963	0.1394916410484716	0.2898607169186944	1
tr|A0A2U0T0M7|A0A2U0T0M7_9BURK	0.2763925557902371	25.717275930851063	283.93882978723406	0.0057322531254384	8.061170212765957	178.81476063829788	65024.34004091672	0.0919763675005149	0.2796718057357298	0.1882469263693581	0.1618098644170878	0.2782950359773093	0.2796718057357298	1
tr|I3ZZI9|I3ZZI9_ORNRL	0.2763925557902371	20.91439147802929	256.1171770972037	0.0060269483635559	9.15179760319574	141.20612516644474	67232.01837634524	0.0922004493455304	0.2786646613068582	0.1778044423861139	0.1711694739931116	0.2801609729683857	0.2801609729683857	4
tr|A0A0F6QXK7|A0A0F6QXK7_9CORY	0.2763925557902371	22.815018666666667	281.226	0.0056049828895753	10.208666666666666	154.58966666666666	65142.20901773807	0.0920179950954668	0.2852886664600854	0.1711929089298065	0.1773873762392111	0.27411305327543	0.2852886664600854	1
tr|Q4KBS6|Q4KBS6_PSEF5	0.2441620263696876	65.3989940357853	539.2067594433399	0.0065184988947314	2.4314115308151094	752.3984095427436	5.326069100256174	0.175535940054463	0.2539127434947915	0.1974706694050224	0.2247228404241665	0.1483578066215566	0.2539127434947915	1
tr|J2FCI5|J2FCI5_9PSED	0.2441620263696876	66.25886666666668	546.0808080808081	0.0065018647587843	2.4606060606060605	771.9907070707071	6.086082405736814	0.1790116179427475	0.249094220274404	0.199603469231502	0.2223103892475127	0.1499803033038335	0.249094220274404	1
tr|A0A0D5XYX5|A0A0D5XYX5_9PSED	0.2441620263696876	66.11704040404041	546.369696969697	0.0064677132775605	2.4767676767676767	768.3107070707072	5.576806966968754	0.1782991752217655	0.2499180742656924	0.1992055808392422	0.2227619457832649	0.1498152238900348	0.2499180742656924	1
tr|Q9X3C0|Q9X3C0_PSECL	0.2441620263696876	65.45597011952191	540.2091633466135	0.0065058768981804	2.440239043824701	753.603187250996	5.7438887492492094	0.1757306388637724	0.2535812919634763	0.1976083693911191	0.2245706964512008	0.1485090033304313	0.2535812919634763	1
tr|A0A173JL08|A0A173JL08_9PSED	0.1081865239375319	66.93299799196788	544.0522088353414	0.0067526334780388	2.4497991967871484	768.3843373493976	8.828652344125967	0.1598711931267602	0.2102696144566645	0.1929293780012981	0.2728263406445118	0.1641034737707653	0.2728263406445118	3
tr|A0A0D6BHI0|A0A0D6BHI0_9PSED	0.2441620263696876	64.33484210526316	528.8654970760234	0.0064599804420024	2.38401559454191	738.0037037037038	2.329445647228917	0.172034549977694	0.2587423547836638	0.1954906788868537	0.2270555005509246	0.1466769158008637	0.2587423547836638	1
tr|A1Z374|A1Z374_PSECL	0.2441620263696876	65.85880808080809	546.6282828282829	0.0064543885679181	3.319191919191919	758.4979797979798	6.498521089004002	0.1716249935271088	0.2566026022824078	0.1944145260791693	0.2272636600082977	0.1500942181030162	0.2566026022824078	1
tr|A0A075P5W0|A0A075P5W0_PSEFL	0.2441620263696876	63.81134924965893	552.8894952251023	0.0058799932368012	2.581173260572988	770.2994542974079	8.087852705996704	0.1737409405026436	0.25243940046001	0.1988744879966041	0.2244220048121431	0.1505231662285988	0.25243940046001	1
tr|A0A142NDH9|A0A142NDH9_9PSED	0.1081865239375319	66.42714486921528	543.5030181086519	0.0065747693846358	2.412474849094568	770.5778672032193	9.99110998973346	0.1594287443172661	0.2103444972587887	0.1931508741165397	0.2729185703178405	0.1641573139895648	0.2729185703178405	3
tr|A0A0N0BV85|A0A0N0BV85_9PSED	0.1081865239375319	66.18637325349302	541.1656686626746	0.0066268960304658	2.4770459081836327	757.1892215568862	5.616686748138545	0.1572257725604617	0.2116075445836024	0.191346146319828	0.2764779952085749	0.1633425413275328	0.2764779952085749	3
tr|A0A0D0PIL0|A0A0D0PIL0_PSEFL	0.1081865239375319	62.633380376344086	545.5215053763441	0.0057989536695982	2.4341397849462365	762.6204301075269	5.1999021942080335	0.1524941863722536	0.213221336838872	0.1913074893447907	0.2790755676542611	0.1639014197898224	0.2790755676542611	3
tr|A0A0A6D6H3|A0A0A6D6H3_9PSED	0.1081865239375319	66.91055911823649	541.6653306613226	0.0067260640585119	2.45691382765531	775.0923847695391	6.1345209827555225	0.160347886530004	0.2099309251155208	0.1933725265248595	0.2720477099571416	0.1643009518724739	0.2720477099571416	3
tr|A0A0G3GJA5|A0A0G3GJA5_9PSED	0.1081865239375319	62.817520325203255	548.5325203252032	0.0057451128206408	2.432926829268293	758.0357723577235	5.442036556437024	0.1524574396309485	0.2133428412957664	0.1911095716350153	0.2792322089139573	0.1638579385243125	0.2792322089139573	3
tr|A0A0N0L6A3|A0A0N0L6A3_9PSED	0.1081865239375319	66.94743912175649	540.187624750499	0.0067669777688886	2.4291417165668663	767.4315369261477	6.658051096633385	0.1597462524872031	0.2103475433144263	0.1927138213679468	0.2734079307353759	0.1637844520950478	0.2734079307353759	3
tr|A0A191YTE5|A0A191YTE5_9PSED	0.1081865239375319	66.12812024048097	542.5290581162325	0.0065577644103499	2.434869739478958	764.4905811623246	8.184565722129806	0.1581648021412772	0.211010132335624	0.1923262543152841	0.274706333447345	0.1637924777604696	0.274706333447345	3
tr|A0A0F4SLW2|A0A0F4SLW2_PSEFL	0.1081865239375319	66.95671656686626	539.8982035928144	0.0067990278602313	2.395209580838323	769.115369261477	5.749533174687276	0.1601170116195741	0.2101387433297206	0.1930152971955446	0.2729076824990066	0.163821265356154	0.2729076824990066	3
tr|A0A160GND1|A0A160GND1_PSEPU	0.2441620263696876	57.00928971962617	542.9732977303071	0.0049036293620162	2.574098798397864	718.545393858478	5.139050293981405	0.1557764117112093	0.2721347931047174	0.1913357542980802	0.2342819190032226	0.1464711218827703	0.2721347931047174	1
tr|A0A1C1BXU3|A0A1C1BXU3_PSEPU	0.2441620263696876	57.06529127516779	545.1557046979866	0.0048877776919588	2.58255033557047	720.6730201342282	5.446197445110197	0.1561851412701497	0.2713444878103053	0.1917081292875535	0.2339505809080795	0.1468116607239119	0.2713444878103053	1
tr|A0A0F0FCH6|A0A0F0FCH6_9PSED	0.2441620263696876	58.27971196754565	548.9655172413793	0.0049754756017086	2.6511156186612577	718.7620689655172	7.220019190138563	0.157847226377068	0.2699568575929525	0.1917943956945462	0.2333231329704915	0.1470783873649416	0.2699568575929525	1
tr|V8R6J6|V8R6J6_9PSED	0.1081865239375319	66.39023246492987	541.376753507014	0.0066466862049022	2.468937875751503	766.9823647294589	7.219688971820879	0.1586074761688485	0.2108119464678865	0.1924001528900735	0.2743063842942747	0.1638740401789166	0.2743063842942747	3
tr|A0A0A7JLW9|A0A0A7JLW9_9PSED	0.2441620263696876	55.56874468085106	539.2579787234042	0.0047300652549637	2.543882978723404	721.2961436170212	4.112030622018343	0.1536004621595205	0.2738970487134583	0.1910609071095933	0.235146197980158	0.1462953840372697	0.2738970487134583	1
tr|A0A0P7K7M0|A0A0P7K7M0_9PSED	0.1081865239375319	66.24857746478872	545.2957746478874	0.006538698937003	2.496981891348089	764.2919517102615	7.281504237254587	0.1581100217780805	0.2110737708109396	0.1922093272304332	0.274588456245538	0.1640184239350085	0.274588456245538	3
tr|A0A0L1MMA0|A0A0L1MMA0_PSESX	0.1081865239375319	66.997625	545.8931451612904	0.0067072341681151	2.471774193548387	772.8548387096774	4.243890716717229	0.1603604765821693	0.2099775585070853	0.1933595078716651	0.2718337330877004	0.1644687239513798	0.2718337330877004	3
tr|A0A0F4V5W7|A0A0F4V5W7_PSEFL	0.1081865239375319	67.18117102615695	544.6680080482897	0.0067849824747936	2.438631790744467	776.2464788732394	7.865016805888199	0.1611405220985269	0.2095715684729957	0.1938043751281096	0.2709529586668596	0.164530575633508	0.2709529586668596	3
tr|A0A166QBC9|A0A166QBC9_PSEFL	0.1081865239375319	67.44421862348179	547.7651821862348	0.0067553703369271	2.45748987854251	775.3378542510122	5.989374603628236	0.1614885891687869	0.2094653195863307	0.1938759855656778	0.2704726620150806	0.1646974436641237	0.2704726620150806	3
tr|A0A0F4XUU1|A0A0F4XUU1_9PSED	0.1081865239375319	63.90444820717131	539.2828685258964	0.0061656366333227	2.4741035856573705	753.0894422310757	6.466652655189582	0.1529876846437144	0.2133366714431394	0.1901341811564267	0.2805822892128697	0.1629591735438496	0.2805822892128697	3
tr|A0A1B3C6Q4|A0A1B3C6Q4_9PSED	0.1081865239375319	64.0087681451613	542.6532258064516	0.0060961366931303	3.100806451612903	760.6112903225805	6.131239185646773	0.150651719815552	0.2145374815534709	0.1880416817360795	0.2826283866776724	0.164140730217225	0.2826283866776724	3
tr|A0A0Q6Q970|A0A0Q6Q970_9PSED	0.1081865239375319	66.38059207920791	536.1584158415842	0.0067609174211766	2.4	764.7148514851485	4.857087295969811	0.1585418035623065	0.2108729879740483	0.1921922812398515	0.2750459964782334	0.1633469307455601	0.2750459964782334	3
tr|A0A0C2A4M0|A0A0C2A4M0_PSEFL	0.1081865239375319	66.55153020134227	545.3852348993289	0.0066006303897057	2.4644295302013424	774.8679194630873	7.237216191122948	0.1598476422362725	0.2101082132445958	0.1934399200816573	0.2720634937810352	0.1645407306564389	0.2720634937810352	3
tr|A0A0N9VYX0|A0A0N9VYX0_PSEFL	0.1081865239375319	66.01857317073171	550.6666666666666	0.0063976693825139	2.518292682926829	768.3284552845528	6.746739812413371	0.1582523306988434	0.2109013113624692	0.1927481750144136	0.2734923789849164	0.1646058039393574	0.2734923789849164	3
tr|A0A0K1QSW9|A0A0K1QSW9_PSEFL	0.1081865239375319	65.63905566600397	535.7872763419483	0.0066231265199704	2.73558648111332	758.992842942346	6.304675372826926	0.1548021184318782	0.2127145996424494	0.1897461628561197	0.2794582839584295	0.1632788351111231	0.2794582839584295	3
tr|A0A0P6S6Q1|A0A0P6S6Q1_9PSED	0.1081865239375319	66.42531653225807	544.9737903225806	0.0065381873345099	2.4294354838709675	773.8427419354839	7.1586036423366775	0.159709956711812	0.2101595669450889	0.193456013487117	0.2722401467872243	0.1644343160687576	0.2722401467872243	3
tr|A0A1A9JHB5|A0A1A9JHB5_9PSED	0.1081865239375319	67.18108847184988	544.4276139410188	0.0067650895017087	2.454423592493298	776.8723860589813	7.631054715815351	0.1610979831755123	0.2095847100606868	0.1937753543151017	0.2709793785304642	0.1645625739182349	0.2709793785304642	3
tr|A0A0C2MIF1|A0A0C2MIF1_9PSED	0.1081865239375319	67.01561122244489	542.1803607214429	0.0067584035305626	2.43687374749499	774.031863727455	6.611899312882001	0.1605539449211471	0.2098630536810074	0.1934252719306878	0.2718978092558528	0.1642599202113047	0.2718978092558528	3
tr|A0A0J6LD36|A0A0J6LD36_9PSED	0.2441620263696876	58.86705714285714	550.6346938775511	0.0050706263274582	3.4816326530612245	732.284693877551	8.669007233277743	0.1554786198629312	0.2714379179357514	0.1892324525591037	0.2351655243804273	0.1486854852617862	0.2714379179357514	1
tr|A0A1C1ABH7|A0A1C1ABH7_PSEPU	0.2441620263696876	57.025418230563005	544.470509383378	0.0048927013714022	2.5804289544235925	718.5650134048258	5.244407992156564	0.155851765159398	0.271921221856355	0.1914189026186322	0.2342019854741814	0.1466061248914333	0.271921221856355	1
tr|A0A1Q8EPI7|A0A1Q8EPI7_9PSED	0.2441620263696876	66.0595659229209	548.2454361054766	0.0063883269645149	2.4685598377281948	769.1423935091277	8.308672171543895	0.1783545087119574	0.2496255372502256	0.19941076147084	0.222616562093941	0.1499926304730359	0.2496255372502256	1
tr|A0A2T6GSM1|A0A2T6GSM1_9PSED	0.2441620263696876	64.33484210526316	528.8654970760234	0.0064599804420024	2.38401559454191	738.0037037037038	2.329445647228917	0.172034549977694	0.2587423547836638	0.1954906788868537	0.2270555005509246	0.1466769158008637	0.2587423547836638	1
tr|A0A0W0P306|A0A0W0P306_9PSED	0.2441620263696876	64.49538276553106	543.3587174348697	0.0062165188610884	2.49498997995992	758.6511022044089	6.692142659417914	0.1741396299366794	0.2540008136195567	0.1978185820999933	0.2249656350294464	0.149075339314324	0.2540008136195567	1
tr|A0A0A4GDI1|A0A0A4GDI1_9PSED	0.1081865239375319	63.86927855711424	537.9959919839679	0.0061245025460102	2.7655310621242486	751.5941883767536	6.089133433683212	0.1510486428673451	0.2143611792928873	0.1884086546348443	0.283183253130147	0.1629982700747761	0.283183253130147	3
tr|A0A1S1V148|A0A1S1V148_9PSED	0.2441620263696876	63.4602589041096	555.1178082191781	0.0057705225712437	2.584931506849315	771.3320547945204	12.839380523046792	0.1732509972778174	0.2524856306555038	0.1990136220953349	0.224491667059105	0.1507580829122387	0.2524856306555038	1
tr|A0A109Z2V1|A0A109Z2V1_SERLI	0.2441620263696876	58.25981763527054	541.5150300601202	0.0051202065982963	3.31062124248497	713.9246492985973	6.290964703814802	0.1527836765873375	0.2765211310364966	0.1870948194424683	0.2371656677717938	0.1464347051619036	0.2765211310364966	1
tr|A0A159ZWU7|A0A159ZWU7_PSEFL	0.1081865239375319	63.55506072874493	547.3927125506073	0.0059252503325968	2.380566801619433	768.9264507422403	6.438767544921635	0.1549844190383293	0.2120375674494649	0.1925862501037133	0.2760612110576317	0.1643305523508605	0.2760612110576317	3
tr|A0A293QLM5|A0A293QLM5_PSEFL	0.1081865239375319	66.06831034482758	548.9939148073022	0.0063985252041593	2.4949290060851927	774.5774847870182	7.75422117329005	0.1590040150375651	0.2104369835636996	0.1933573873225819	0.2724038928149043	0.1647977212612489	0.2724038928149043	3
tr|A0A0N9X1L9|A0A0N9X1L9_PSEFL	0.1081865239375319	64.17083501006036	544.0422535211268	0.0060995062674634	2.4788732394366195	763.1034205231389	7.016524234664494	0.1546570621696546	0.2124095818982889	0.1915071331740867	0.2775674483138799	0.1638587744440897	0.2775674483138799	3
tr|A0A1Q3I0H7|A0A1Q3I0H7_9PSED	0.1081865239375319	66.19576494023904	538.8406374501992	0.0066711845540891	2.4681274900398407	764.5053784860556	7.193878044928626	0.1579382064258969	0.2111439259981123	0.1919574560050088	0.2753882900784256	0.1635721214925563	0.2753882900784256	3
tr|U7A2K8|U7A2K8_9PSED	0.2441620263696876	64.61777016129032	546.2231182795699	0.0061882934279246	2.46505376344086	766.515053763441	6.502257271442626	0.1754067458131767	0.2520635392006856	0.1988507389357541	0.2239700488786473	0.1497089271717362	0.2520635392006856	1
tr|A0A0Q7A2J5|A0A0Q7A2J5_9PSED	0.1081865239375319	64.42009311740891	548.1039136302294	0.0061272074038945	2.47638326585695	768.0408906882592	10.06168396894587	0.155778160181231	0.2118260162003384	0.1923265920651379	0.2756696965788011	0.1643995349744912	0.2756696965788011	3
tr|A0A0L6FTW2|A0A0L6FTW2_9PSED	0.2441620263696876	58.59174489795919	547.9979591836735	0.0050303873947838	2.7224489795918365	722.4330612244897	5.755087606460552	0.1583044601154421	0.2694197615115716	0.191842181865152	0.2331528265665364	0.1472807699412978	0.2694197615115716	1
tr|A0A059L8S9|A0A059L8S9_9PSED	0.1081865239375319	67.29608484848485	546.1737373737374	0.0067499381813047	2.4343434343434343	779.9987878787879	10.444980637844347	0.1617714885404509	0.2092200444009698	0.1942825786867343	0.269913516817851	0.1648123715539937	0.269913516817851	3
tr|A0A1J0ESS0|A0A1J0ESS0_9PSED	0.1081865239375319	65.61862424242425	546.9535353535354	0.0064006409475125	2.4727272727272727	761.9941414141414	7.216962974037168	0.1570643401894439	0.2115035249892677	0.1920295050704291	0.2754147341788303	0.1639878955720288	0.2754147341788303	3
tr|A0A1P8F2G9|A0A1P8F2G9_9PSED	0.1081865239375319	66.48574302788846	539.0597609561753	0.0067185048819323	2.410358565737052	763.3350597609561	6.510783822092214	0.1586359646873197	0.2108655990939378	0.1922192513560409	0.2748020424505255	0.1634771424121757	0.2748020424505255	3
tr|A0A176NHS4|A0A176NHS4_9PSED	0.1081865239375319	63.81234538152611	542.4056224899598	0.0060489009932887	2.4718875502008038	756.1383534136546	8.124027351330307	0.1533175815228499	0.2131107719360293	0.1906360617020278	0.2795822006455206	0.1633533841935723	0.2795822006455206	3
tr|A0A255YLA0|A0A255YLA0_9PSED	0.1081865239375319	67.26801204819277	542.6767068273092	0.0068016056998006	2.391566265060241	772.0869477911647	9.75395077933148	0.161056708916517	0.2096847726502892	0.1935570569351899	0.2715490592617718	0.1641524022362319	0.2715490592617718	3
tr|A0A2R7K6H6|A0A2R7K6H6_9PSED	0.1081865239375319	66.47623822341858	546.9771197846568	0.0065417594199116	2.468371467025572	780.0080753701211	7.857759597451015	0.1602709474237797	0.2098053163099911	0.1939663655496528	0.2710468606142378	0.1649105101023384	0.2710468606142378	3
tr|A0A2N8BHY4|A0A2N8BHY4_9PSED	0.2441620263696876	66.27364848484848	546.3656565656565	0.0065102449926912	2.470707070707071	772.1656565656566	6.240616930138076	0.1790007164611415	0.249077015234596	0.199589369829318	0.2223145099278756	0.1500183885470689	0.249077015234596	1
tr|A0A2J7URJ7|A0A2J7URJ7_9PSED	0.1081865239375319	66.71532037533512	544.7278820375335	0.0066635696574404	2.445040214477212	773.6000000000001	7.704749300103541	0.1600766480167898	0.2100442263207616	0.1934179337381298	0.2720479367699844	0.1644132551543342	0.2720479367699844	3
tr|A0A2K4GEK6|A0A2K4GEK6_9PSED	0.2441620263696876	63.326428	541.696	0.0059790013883839	2.43	743.949	4.876831634598728	0.1708155199819475	0.2578719630546377	0.19640941631471	0.2268667001209197	0.1480364005277849	0.2578719630546377	1
tr|A0A2N1GT25|A0A2N1GT25_9PSED	0.1081865239375319	65.40274603174602	536.7579365079365	0.0065105339824953	2.4761904761904763	756.0551587301587	5.839605943285054	0.1556136077896914	0.2122674835062045	0.1907262887067373	0.27842119693978	0.1629714230575866	0.27842119693978	3
tr|A0A2L0LN65|A0A2L0LN65_9PSED	0.2441620263696876	59.09376180698151	554.2422997946612	0.0050320311582352	2.722792607802875	733.6373716632444	8.07497717258568	0.1607372381009145	0.2656614491700374	0.1936274338555355	0.2314231238011764	0.1485507550723361	0.2656614491700374	1
tr|A0A2M8SP98|A0A2M8SP98_9PSED	0.1081865239375319	64.43591105121293	546.9743935309973	0.006132281708927	2.466307277628032	770.2324797843665	8.024730559842896	0.1560250122976573	0.2116720112721435	0.1925191541988975	0.2753527612121255	0.1644310610191759	0.2753527612121255	3
tr|A0A2A5RAC0|A0A2A5RAC0_PSEFL	0.1081865239375319	66.10026653306613	542.8657314629259	0.0065435753278024	2.4549098196392785	765.3547094188377	7.392580814424349	0.1581057992295222	0.211024363387437	0.1923238169685385	0.2746691397587035	0.1638768806557987	0.2746691397587035	3
tr|A0A2K4J4X2|A0A2K4J4X2_9PSED	0.2441620263696876	64.93122745625841	546.9232839838493	0.0062316004537344	2.4697173620457606	769.5798115746973	6.55572405468687	0.1762712737242349	0.2511245341896923	0.1991915766228637	0.2234802434235532	0.1499323720396558	0.2511245341896923	1
tr|A0A2C5W3H0|A0A2C5W3H0_PSEPU	0.1081865239375319	67.51899796334013	550.4256619144603	0.0066906489950251	2.468431771894094	784.3859470468432	11.023501001495468	0.1625213105761206	0.2088258658993624	0.1948079721114519	0.2685188166282868	0.1653260347847781	0.2685188166282868	3
tr|A0A2A2PT73|A0A2A2PT73_9PSED	0.1081865239375319	67.12602620967743	545.4818548387096	0.0067094116646554	2.4596774193548385	777.4072580645161	7.61907592307201	0.1610654797152969	0.2095799300367	0.193847526313608	0.2708429385865909	0.1646641253478041	0.2708429385865909	3
tr|A0A2N0DMB0|A0A2N0DMB0_9PSED	0.1081865239375319	66.42240442655935	544.9859154929577	0.0065624418013661	2.4627766599597587	768.0830985915494	5.519507128431387	0.158949143848708	0.2106301856077913	0.1927580603943459	0.2734977957013745	0.1641648144477801	0.2734977957013745	3
tr|A0A1X1P1Z3|A0A1X1P1Z3_9PSED	0.2441620263696876	58.884744376278114	552.1840490797546	0.0050187816928193	2.703476482617587	726.8292433537832	6.58206639243142	0.1596409165379934	0.2674187431632017	0.1928046173931448	0.2322108375899879	0.147924885315672	0.2674187431632017	1
tr|A0A2N8F4L3|A0A2N8F4L3_9PSED	0.2441620263696876	59.24915662650602	533.9618473895582	0.0053011429775851	2.632530120481928	712.2275100401607	6.546494504793046	0.1581497920082102	0.2720560403750505	0.1903740214965222	0.234056058340616	0.1453640877796009	0.2720560403750505	1
tr|A0A2N8E1V7|A0A2N8E1V7_9PSED	0.1081865239375319	66.32027217741935	545.9616935483871	0.0065150854144195	2.481854838709677	766.5391129032258	6.16348918089685	0.1585596932937158	0.2108279993820458	0.1925543196994013	0.2738904818587246	0.1641675057661124	0.2738904818587246	3
tr|A0A2J7UGI5|A0A2J7UGI5_9PSED	0.2441620263696876	64.70636746987952	544.1646586345381	0.0062359905451454	2.461847389558233	757.0024096385542	6.624931699281719	0.1746007941798855	0.2537147734190194	0.1979082314784839	0.2247613072922657	0.1490148936303454	0.2537147734190194	1
tr|A0A1Y1T9L5|A0A1Y1T9L5_PSECL	0.2441620263696876	66.17084507042254	544.3340040241449	0.006534142772019	2.4688128772635816	769.2712273641852	5.852349459399597	0.178506509213884	0.2498509100167499	0.1992256466984046	0.2227033534280318	0.1497135806429294	0.2498509100167499	1
tr|A0A1E8PGI3|A0A1E8PGI3_9PSED	0.1081865239375319	66.09143227091633	538.203187250996	0.0066507679731471	2.434262948207172	761.7235059760956	7.042868733255842	0.1576461064945872	0.21130455135624	0.1917848301112565	0.2759120542135189	0.1633524578243973	0.2759120542135189	3
tr|A0A1V3T9J2|A0A1V3T9J2_9PSED	0.1081865239375319	66.91097843665767	547.0902964959569	0.0066368510800945	2.4595687331536387	776.4780323450134	7.188743406675502	0.1606860239326967	0.2097374899396425	0.1938007367275671	0.2710524219281474	0.1647233274719461	0.2710524219281474	3
tr|A0A2R4PX28|A0A2R4PX28_9PSED	0.1081865239375319	67.21657575757577	545.9434343434343	0.0066933494722113	2.4444444444444446	779.7486868686868	9.78127796790116	0.1615410710114755	0.2093216677849546	0.1941831143534881	0.2701557519445969	0.1647983949054846	0.2701557519445969	3
tr|A0A1V3MRL3|A0A1V3MRL3_9PSED	0.1081865239375319	66.85933601609658	543.7907444668008	0.0066814541479219	2.4185110663983904	774.476861167002	7.088627876121586	0.1605045921485135	0.2098439167448428	0.1936070521925502	0.2716714477707073	0.1643729911433861	0.2716714477707073	3
tr|A0A2U1QSC4|A0A2U1QSC4_9PSED	0.1081865239375319	65.90750200000001	541.046	0.0065408208376946	2.484	761.7164	7.666759043207498	0.1571774649171959	0.2115060002016849	0.1916675525990543	0.2760638716008867	0.163585110681178	0.2760638716008867	3
tr|A0A2K4GVE3|A0A2K4GVE3_9PSED	0.1081865239375319	67.3679109311741	547.5748987854251	0.0067374044177357	2.465587044534413	780.3854251012147	9.958679261815858	0.1618037960066584	0.209215909001243	0.1942688050692926	0.2697631472242335	0.1649483426985722	0.2697631472242335	3
tr|A0A2S4G9H9|A0A2S4G9H9_9PSED	0.2441620263696876	64.99231589537223	545.0643863179074	0.0062594454520221	2.4788732394366195	759.561569416499	9.911263173934923	0.1753026242077121	0.2529187756836659	0.1981699852312177	0.2243650254550317	0.1492435894223724	0.2529187756836659	1
tr|A0A2A2DWI1|A0A2A2DWI1_9PSED	0.1081865239375319	66.6558514056225	542.9598393574297	0.0066920188488348	2.433734939759036	772.4576305220884	4.465884538134044	0.1598583494816156	0.210160834342057	0.1932418077136498	0.2725118648917581	0.1642271435709193	0.2725118648917581	3
tr|A0A2K4FXA8|A0A2K4FXA8_9PSED	0.1081865239375319	63.77959126984126	537.4702380952381	0.0061754863670683	2.4682539682539684	752.7043650793651	5.271970919586651	0.1526881405755492	0.2134663648849667	0.1899617047895196	0.2810821949409421	0.1628015948090222	0.2810821949409421	3
tr|A0A2R4HCG4|A0A2R4HCG4_9PSED	0.1081865239375319	62.81367	536.93	0.0059421233619274	2.664	743.6962	7.118133392541928	0.1490116574317787	0.2152829534699022	0.1876487679918188	0.2857101738652643	0.1623464472412357	0.2857101738652643	3
tr|A0A1V4F7Z6|A0A1V4F7Z6_9PSED	0.1081865239375319	64.17762874251497	540.1576846307386	0.0062085627225367	2.475049900199601	755.8714570858283	5.830177988279503	0.1537598620277685	0.2129632263518209	0.1905541567338007	0.2795414411528076	0.1631813137338021	0.2795414411528076	3
tr|A0A2K9M333|A0A2K9M333_PSEFL	0.1081865239375319	64.31908739837398	548.69918699187	0.0060329602010721	2.5040650406504064	768.0063008130081	10.961156072328912	0.1554740311822319	0.2119604863699047	0.1922022535414851	0.2758967232153867	0.1644665056909914	0.2758967232153867	3
tr|A0A1W5DJF6|A0A1W5DJF6_9GAMM	0.2441620263696876	57.82585370741484	541.8176352705411	0.0050426449617729	3.3006012024048097	710.606613226453	8.097520805319943	0.1517154571097575	0.2777535736504905	0.1866191750757576	0.2377211068578834	0.146190687306111	0.2777535736504905	1
tr|A0A2N8H9Y3|A0A2N8H9Y3_9PSED	0.1081865239375319	66.38642714570858	540.7225548902196	0.0066802667644287	2.435129740518962	765.0325349301397	5.344866319478102	0.158573096032832	0.2108558695810382	0.1923324959143506	0.2745423172776312	0.1636962211941478	0.2745423172776312	3
tr|A0A2N1EWZ2|A0A2N1EWZ2_9PSED	0.1081865239375319	65.29803012048193	542.8734939759037	0.0063251745583253	2.4116465863453813	764.7333333333332	6.256567964368772	0.1569649995615984	0.2114366001465966	0.192250190294856	0.275535612950372	0.1638125970465768	0.275535612950372	3
tr|A0A267AIQ1|A0A267AIQ1_PSEFR	0.2441620263696876	60.14212398373984	547.5426829268292	0.0052935667447322	3.3272357723577235	734.1678861788617	5.713600991498608	0.158634326902316	0.2688443201647376	0.190418381219138	0.2336298874216035	0.1484730842922048	0.2688443201647376	1
tr|A0A2S9BEN1|A0A2S9BEN1_9PSED	0.1081865239375319	66.2039156626506	542.8192771084338	0.0065336320366108	2.433734939759036	770.6586345381526	5.701053597492597	0.1589180230881444	0.2105594277382225	0.1929517007685149	0.2734371423103661	0.1641337060947519	0.2734371423103661	3
tr|A0A2N8EIJ7|A0A2N8EIJ7_9PSED	0.1081865239375319	67.12581653225806	545.383064516129	0.006730716585459	2.4294354838709675	774.9431451612903	8.563568154219924	0.1609947832302991	0.2096475874500898	0.1937584648777924	0.2710936609730542	0.1645055034687644	0.2710936609730542	3
tr|A0A2U2DBV4|A0A2U2DBV4_9PSED	0.1081865239375319	65.29803012048193	542.8734939759037	0.0063251745583253	2.4116465863453813	764.7333333333332	6.256567964368772	0.1569649995615984	0.2114366001465966	0.192250190294856	0.275535612950372	0.1638125970465768	0.275535612950372	3
tr|A0A2N7XQ26|A0A2N7XQ26_9PSED	0.1081865239375319	66.79960956175297	538.8804780876494	0.006794526019402	2.400398406374502	767.1876494023903	7.483321852646486	0.1595969314402633	0.210393656719615	0.1927090618932969	0.2736401231060979	0.1636602268407267	0.2736401231060979	3
tr|A0A266LVT5|A0A266LVT5_PSEFR	0.2441620263696876	60.19935365853659	547.790650406504	0.0052995537810615	3.319105691056911	734.0522357723578	5.863400386228738	0.1587832379400332	0.2687027245431015	0.1904834478674384	0.2335483929247181	0.1484821967247086	0.2687027245431015	1
tr|A0A1E1FXZ7|A0A1E1FXZ7_9PSED	0.2441620263696876	66.12855289421158	540.4031936127744	0.0066328620175203	2.475049900199601	765.3345309381237	5.10500798975506	0.1779374127969921	0.2509598280014829	0.1986323237175736	0.2232542523904752	0.149216183093476	0.2509598280014829	1
tr|A0A291AHD2|A0A291AHD2_9PSED	0.1081865239375319	66.972536	541.548	0.00679707951244	2.42	769.1028	6.235854587211733	0.1600723307113505	0.2101669465153152	0.1929970157174764	0.2728150743938438	0.1639486326620139	0.2728150743938438	3
tr|A0A2M9VFE7|A0A2M9VFE7_9PSED	0.2441620263696876	58.73369230769231	548.15991902834	0.0050642251938319	2.661943319838057	719.815991902834	7.305506722488229	0.1586534454260449	0.2693141096315066	0.1919357830619864	0.2330010790149288	0.1470955828655332	0.2693141096315066	1
tr|A0A2K4IFY2|A0A2K4IFY2_9PSED	0.1081865239375319	66.72249196787149	543.3995983935743	0.0066859992307572	2.5060240963855422	772.9375502008032	7.995344472617227	0.1596258893113036	0.2102885441898407	0.1929942949454298	0.2727428872860723	0.1643483842673535	0.2727428872860723	3
tr|A0A2S8HNV8|A0A2S8HNV8_9PSED	0.1081865239375319	66.58735984095426	538.5089463220676	0.0067931658563086	2.3976143141153083	764.0940357852883	4.921411693572037	0.1589403494539634	0.2107264242983397	0.1923428831341696	0.274523949290846	0.1634663938226812	0.274523949290846	3
tr|A0A2S4BQ93|A0A2S4BQ93_9PSED	0.1081865239375319	67.3419114688129	543.8028169014085	0.006770932213679	2.432595573440644	775.2519114688129	7.670069611135795	0.161293301696835	0.2095401319191172	0.1937368045181853	0.2710087414605849	0.1644210204052773	0.2710087414605849	3
tr|W2DE54|W2DE54_9PSED	0.2441620263696876	64.21377166437414	557.321870701513	0.0058813532553135	2.8844566712517192	778.291334250344	10.616565666685192	0.1735232048981063	0.2518760959741732	0.1985068889338164	0.2245216350703689	0.1515721751235351	0.2518760959741732	1
tr|A0A0X8EX82|A0A0X8EX82_PSEFR	0.2441620263696876	59.71418036072144	541.124248496994	0.0053458173350656	3.539078156312625	722.5410821643287	4.8606959538583245	0.1549552709749798	0.2740784122862931	0.1873854561228817	0.2363136016671191	0.1472672589487262	0.2740784122862931	1
tr|A0A0M3UDS4|A0A0M3UDS4_9PSED	0.2441620263696876	60.08860362173039	543.0523138832998	0.0053486291948785	3.561368209255533	725.4446680080483	6.429644648259906	0.1559228316345421	0.2727670132868883	0.1878895170698272	0.2357368094725976	0.1476838285361447	0.2727670132868883	1
tr|A0A0P0QE95|A0A0P0QE95_SERMA	0.2441620263696876	57.900047131147545	553.2479508196722	0.0049791851246997	4.840163934426229	716.7649590163935	6.99096942955916	0.1449500478607889	0.2830900539484457	0.1803926308080498	0.2424667645233834	0.1491005028593321	0.2830900539484457	1
tr|A0A1V2JUV6|A0A1V2JUV6_9PSED	0.2441620263696876	64.13680848153214	554.8700410396717	0.0059082639467414	2.58686730506156	773.2725034199726	9.440880828722658	0.1746383458530761	0.2513777686174601	0.1992744223403098	0.2238750398884519	0.1508344233007019	0.2513777686174601	1
tr|A0A086GFB6|A0A086GFB6_9GAMM	0.2441620263696876	57.69781466395112	550.4236252545825	0.0050013239293855	4.824847250509165	711.6910386965378	6.384793756722788	0.1438825319561429	0.2849751537399325	0.1794889831515388	0.2432493210053896	0.148404010146996	0.2849751537399325	1
tr|A0A176V4Q5|A0A176V4Q5_9PSED	0.1081865239375319	63.74294037940378	548.7411924119241	0.005922810496454	2.535230352303523	767.5043360433604	10.084091875982296	0.1543390095646363	0.2124369053989448	0.1918361637759522	0.2769161440331855	0.164471777227281	0.2769161440331855	3
tr|A0A1B3FBL7|A0A1B3FBL7_9GAMM	0.2441620263696876	57.83129278350516	556.4845360824743	0.0049256078414746	4.863917525773196	724.5929896907217	8.344503067187587	0.1458850572389673	0.2809899223778386	0.1814947347990542	0.2416159720269844	0.1500143135571554	0.2809899223778386	1
tr|A0A2N8AVR6|A0A2N8AVR6_9PSED	0.2441620263696876	64.86249898989898	545.9919191919192	0.0061944683936601	3.1818181818181817	758.0274747474747	6.347379744897741	0.170531460679148	0.2573322439477516	0.1947543513088902	0.2275231486067957	0.1498587954574144	0.2573322439477516	1
tr|A0A1C0GZL7|A0A1C0GZL7_SERMA	0.2441620263696876	57.783773006134965	552.3231083844581	0.0049653741365865	4.846625766871166	717.8034764826176	8.351125072264436	0.1447867310722668	0.2832225650790644	0.1803595811312547	0.2425409622914209	0.1490901604259929	0.2832225650790644	1
tr|A0A2V4KR80|A0A2V4KR80_9PSED	0.1081865239375319	66.7427483266399	544.0080321285141	0.006684742767725	2.4417670682730925	773.1009370816598	6.566051359903218	0.1600615396230251	0.210065918783923	0.1933507552555322	0.2721850833120437	0.1643367030254759	0.2721850833120437	3
tr|A0A2G0Y8R8|A0A2G0Y8R8_9PSED	0.2441620263696876	64.13680848153214	554.8700410396717	0.0059082639467414	2.58686730506156	773.2725034199726	9.440880828722658	0.1746383458530761	0.2513777686174601	0.1992744223403098	0.2238750398884519	0.1508344233007019	0.2513777686174601	1
tr|A0A2U8TRS2|A0A2U8TRS2_9PSED	0.1081865239375319	67.45733601609659	543.0422535211268	0.0068342450157284	2.374245472837022	779.1629778672033	9.6635933329039	0.1621743474715734	0.2090623984991268	0.1943481632139133	0.2699017607281905	0.1645133300871959	0.2699017607281905	3
tr|A0A2V4L756|A0A2V4L756_9PSED	0.2441620263696876	58.82156680161943	547.5587044534414	0.0050862811959327	2.694331983805668	717.1884615384615	4.782644157690378	0.1582763664745886	0.2700273565994732	0.191453438794692	0.233356696699763	0.1468861414314831	0.2700273565994732	1
tr|A0A2W0FAD0|A0A2W0FAD0_9PSED	0.2441620263696876	64.85521471172962	539.0854870775348	0.0063766936008066	2.451292246520875	748.8196819085487	5.013250745452244	0.1739978519132485	0.2553886114389732	0.196933015145632	0.225526873564097	0.1481536479380492	0.2553886114389732	1
tr|A0A2V4IMB6|A0A2V4IMB6_9PSED	0.2441620263696876	58.76297368421053	546.091093117409	0.0050772896616324	2.67004048582996	723.9366396761134	7.400615661890982	0.1590026884900843	0.2688161788338137	0.1922062148259667	0.2327788873980378	0.1471960304520974	0.2688161788338137	1
tr|A0A2V3CIX2|A0A2V3CIX2_9PSED	0.2441620263696876	66.38134136546184	543.3293172690763	0.0066055625619012	2.4879518072289155	769.5638554216866	4.925532988236268	0.1787912266161704	0.2497449222531149	0.1991415367273214	0.2226503829396884	0.1496719314637048	0.2497449222531149	1
tr|A0A2K2J0L1|A0A2K2J0L1_SERMA	0.2441620263696876	57.60944032921811	555.3065843621399	0.0049142531155631	4.872427983539095	722.3798353909465	6.754603759666634	0.1451420714124727	0.2820401716601746	0.1809876868743315	0.242099630059617	0.1497304399934041	0.2820401716601746	1
tr|A0A1Q5WC94|A0A1Q5WC94_SERMA	0.2441620263696876	57.79568930041152	555.4506172839506	0.004937819800071	4.8559670781893	723.1858024691358	7.561481613495534	0.1456271343186845	0.2814945231799488	0.181255822615913	0.2418227018708707	0.1497998180145829	0.2814945231799488	1
tr|A0A1Q4NXY1|A0A1Q4NXY1_SERMA	0.2441620263696876	57.52179713114754	553.5266393442623	0.0049258097906737	4.854508196721311	716.5504098360656	6.0324698256980165	0.1442631570905057	0.2837019708142361	0.1801594676720308	0.2427833368748572	0.1490920675483699	0.2837019708142361	1
tr|A0A2V4FRI5|A0A2V4FRI5_SERMA	0.2441620263696876	57.72476639344262	553.4610655737705	0.0049536606927627	4.838114754098361	713.9512295081968	7.11163185352368	0.1443548617948175	0.2839250679104672	0.1799989946156771	0.2428324533721337	0.1488886223069043	0.2839250679104672	1
tr|A0A2V4H8Z0|A0A2V4H8Z0_SERMA	0.2441620263696876	57.783773006134965	552.3231083844581	0.0049653741365865	4.846625766871166	717.8034764826176	8.351125072264436	0.1447867310722668	0.2832225650790644	0.1803595811312547	0.2425409622914209	0.1490901604259929	0.2832225650790644	1
tr|A0A2U9FLF4|A0A2U9FLF4_SERMA	0.2441620263696876	57.88460450819672	553.360655737705	0.0049743634315475	4.844262295081967	720.1018442622951	7.611910119282539	0.1453118560612329	0.282367006974924	0.1807878842675226	0.2421665518011872	0.1493667008951333	0.282367006974924	1
tr|A0A221DPR7|A0A221DPR7_SERMA	0.2441620263696876	58.062863917525775	556.3278350515463	0.0049558062224936	4.855670103092783	724.3705154639175	8.750216910645289	0.1462596936825216	0.2807016200446159	0.1815887426994784	0.2414577137814716	0.1499922297919123	0.2807016200446159	1
tr|A0A2K9DVI0|A0A2K9DVI0_9PSED	0.2441620263696876	66.33305410821644	542.2865731462925	0.0066270016060355	2.476953907815631	767.4765531062125	5.762762588253259	0.1785543370361869	0.2501750333735297	0.1989470620944418	0.2228510745433473	0.1494724929524941	0.2501750333735297	1
tr|A0A2H4W0P4|A0A2H4W0P4_9PSED	0.2441620263696876	59.589318	539.856	0.0053451351065747	3.54	720.0201999999999	4.968143078696388	0.1543628283620819	0.2749988617264653	0.1869424217403398	0.2367265957492785	0.1469692924218343	0.2749988617264653	1
tr|T1VYF8|T1VYF8_SERMA	0.2441620263696876	57.669164609053496	555.3065843621399	0.0049209207598501	4.872427983539095	722.5067901234568	6.912154665134255	0.1452527114243418	0.2819277912025545	0.1810281781149486	0.2420461684748975	0.1497451507832574	0.2819277912025545	1
tr|A0A2R3H0X9|A0A2R3H0X9_9GAMM	0.2441620263696876	54.640342574257424	536.4732673267326	0.0048622207876392	4.376237623762377	676.5687128712871	3.611983839310843	0.1356740516574766	0.2986711420908893	0.1742543581019454	0.2481248650318351	0.1432755831178534	0.2986711420908893	1
tr|A0A1T1HL37|A0A1T1HL37_9PSED	0.2441620263696876	62.50022810590632	551.0162932790224	0.0056661470449393	2.574338085539715	748.0566191446028	5.797366548700079	0.1691120967421888	0.2580391901748452	0.196475974261732	0.2272728526739226	0.1490998861473113	0.2580391901748452	1
tr|A0A2T3WR10|A0A2T3WR10_9GAMM	0.2441620263696876	57.728163599182	552.5276073619632	0.0049678963721857	4.850715746421268	717.8265848670756	6.202971706992592	0.1446953610223663	0.2832828646794927	0.1803333861017369	0.2425798948341912	0.1491084933622127	0.2832828646794927	1
tr|A0A2S4XCR8|A0A2S4XCR8_SERMA	0.2441620263696876	57.72427122153209	558.8343685300207	0.0048834244273659	4.888198757763975	720.2445134575569	10.607710228388855	0.1452530428025484	0.2817844963405698	0.1810182428112109	0.2420083514227324	0.1499358666229384	0.2817844963405698	1
tr|A0A2U9ALW9|A0A2U9ALW9_SERMA	0.2441620263696876	57.98771574642127	552.5521472392638	0.0050073725681366	4.85480572597137	720.8891615541924	6.793359137738085	0.145464974636121	0.2822413764210095	0.1808027713285869	0.2421199487908018	0.1493709288234806	0.2822413764210095	1
tr|A0A2C8EVV4|A0A2C8EVV4_9PSED	0.2441620263696876	56.61382834331337	540.0818363273453	0.0049315389679498	3.4251497005988023	707.825748502994	3.288410017952621	0.1484526006266141	0.2812597893549736	0.184965242666398	0.2395155605712281	0.1458068067807861	0.2812597893549736	1
tr|A0A267A425|A0A267A425_PSEFR	0.2441620263696876	60.1276314741036	533.4780876494024	0.0054275548188869	3.5139442231075697	723.9390438247012	5.052981538637325	0.1555549381906483	0.2742187039483332	0.187239360596692	0.2362731437936422	0.146713853470684	0.2742187039483332	1
tr|A0A267CY73|A0A267CY73_PSEFR	0.2441620263696876	59.98385258964144	533.292828685259	0.0054059872158296	3.50398406374502	723.49203187251	4.839147018207497	0.1552940685969481	0.2744935081305363	0.1871727397084069	0.2363919971741195	0.146647686389989	0.2744935081305363	1
