query_acc	% identity	alignment length	mismatches	gap opens	bit score	evalue	OMA-Jaccard Combined	Membership Cluster 1	Membership Cluster 2	Membership Cluster 3	Membership Cluster 4	Membership Cluster 5	Max Membership	Assigned Cluster
tr|A0A1C4NLA6|A0A1C4NLA6_9ACTN	39.05757533333333	63.87466666666667	0.02606337936213	0.5113333333333333	85.33520000000001	76982.56808108269	287.7498261760414	0.1500582331274078	0.1678296662799004	0.2166275472903038	0.2842870973814088	0.1811974559209791	0.2842870973814088	3
tr|A0A1Q9C206|A0A1Q9C206_SYMMI	46.10256962864722	323.1737400530504	0.0061256983118763	4.607427055702917	399.0994031830239	45543.66695378103	1023.7714906328052	0.2580618281349897	0.205847271191384	0.1940447023557514	0.2415689500030711	0.1004772483148037	0.2580618281349897	0
tr|A0A2S0MFE3|A0A2S0MFE3_9BURK	35.06412954395242	315.53932584269666	0.0057268302327941	5.703899537343027	230.7888301387971	51937.54295194964	828.4964094161269	0.2670251732366095	0.2647626404725626	0.1403953506483192	0.255032621756357	0.0727842138861515	0.2670251732366095	0
tr|A0A2W1D7U2|A0A2W1D7U2_9PLEO	44.9012	257.5	0.0240963797358121	2.3	423.4	0.2745736557560249	4064.968003801761	0.2981300252522318	0.2136251014109742	0.262913817642253	0.1176217428498466	0.1077093128446943	0.2981300252522318	0
tr|A0A0D6I654|A0A0D6I654_ALCXX	31.541566289140576	304.2998001332445	0.0052927774232015	5.980679546968688	213.7077948034644	53588.0006564548	1207.691531027758	0.2775675326950541	0.2634454820485795	0.1308244743595785	0.2569383906103142	0.0712241202864736	0.2775675326950541	0
tr|A0A060PG08|A0A060PG08_9BURK	32.87403127079175	301.5655355954757	0.0054675020746804	5.273453093812376	218.0740518962076	53282.755462211535	554.1548814189358	0.2450494073109311	0.2670692367383813	0.1464152387131411	0.2665203557119977	0.0749457615255486	0.2670692367383813	1
tr|A0A0K8P1M1|A0A0K8P1M1_IDESA	32.05276298268975	289.6191744340879	0.0057969668697903	5.230359520639148	210.54687083888152	55435.43324644776	1023.8461360434447	0.2490496621593784	0.2493801314465182	0.1409224842407972	0.2842152822683488	0.0764324398849572	0.2842152822683488	3
tr|A0A1W1Y7S4|A0A1W1Y7S4_9BURK	51.7900425531915	423.5152925531915	0.0050935220941469	2.8763297872340425	649.8289228723404	206.59227147103587	1223.3529420822538	0.2918719522595693	0.2126310658864039	0.2834722107976152	0.1131708851660466	0.0988538858903649	0.2918719522595693	0
tr|A0A0F6QXK7|A0A0F6QXK7_9CORY	22.815018666666667	281.226	0.0056049828895753	10.208666666666666	154.58966666666666	65142.20901773807	284.3583149009848	0.2348307181320595	0.2733012958642786	0.12062967299967	0.2861604733764887	0.0850778396275031	0.2861604733764887	3
tr|Q4KBS6|Q4KBS6_PSEF5	65.3989940357853	539.2067594433399	0.0065184988947314	2.4314115308151094	752.3984095427436	5.326069100256174	1023.8300207787344	0.2449310870803667	0.1946660616016419	0.263789053013258	0.1451676904757271	0.1514461078290062	0.263789053013258	2
tr|J2FCI5|J2FCI5_9PSED	66.25886666666668	546.0808080808081	0.0065018647587843	2.4606060606060605	771.9907070707071	6.086082405736814	2199.590020646344	0.2503113546002328	0.189889286710107	0.2487349427428579	0.1500636211770254	0.1610007947697767	0.2503113546002328	0
tr|A0A0D5XYX5|A0A0D5XYX5_9PSED	66.11704040404041	546.369696969697	0.0064677132775605	2.4767676767676767	768.3107070707072	5.576806966968754	2204.193447090299	0.2510425274846651	0.1901626056881416	0.2487196584334465	0.1497821433204408	0.1602930650733059	0.2510425274846651	0
tr|Q9X3C0|Q9X3C0_PSECL	65.45597011952191	540.2091633466135	0.0065058768981804	2.440239043824701	753.603187250996	5.7438887492492094	2614.7554611259825	0.2541836697153055	0.1900573114836242	0.2457735416172707	0.1498715017677373	0.1601139754160621	0.2541836697153055	0
tr|A0A173JL08|A0A173JL08_9PSED	66.93299799196788	544.0522088353414	0.0067526334780388	2.4497991967871484	768.3843373493976	8.828652344125967	2328.5175808489503	0.2500951568045746	0.1890870007354709	0.2484407839185257	0.150056555931899	0.1623205026095297	0.2500951568045746	0
tr|A0A0D6BHI0|A0A0D6BHI0_9PSED	64.33484210526316	528.8654970760234	0.0064599804420024	2.38401559454191	738.0037037037038	2.329445647228917	2427.238938600092	0.2570887753636274	0.1910897551080891	0.251196708946267	0.1461829702451369	0.1544417903368792	0.2570887753636274	0
tr|A1Z374|A1Z374_PSECL	65.85880808080809	546.6282828282829	0.0064543885679181	3.319191919191919	758.4979797979798	6.498521089004002	2599.7514626326024	0.2599208589224055	0.1933612171879238	0.2385022632637348	0.1509321814657738	0.157283479160162	0.2599208589224055	0
tr|A0A075P5W0|A0A075P5W0_PSEFL	63.81134924965893	552.8894952251023	0.0058799932368012	2.581173260572988	770.2994542974079	8.087852705996704	1997.2348987586768	0.2539431421370242	0.1931656239464153	0.2470818668492375	0.1499865302395431	0.1558228368277799	0.2539431421370242	0
tr|A0A142NDH9|A0A142NDH9_9PSED	66.42714486921528	543.5030181086519	0.0065747693846358	2.412474849094568	770.5778672032193	9.99110998973346	2388.610056230502	0.2504222764319458	0.1891819949516373	0.2475352161269154	0.1504973842380632	0.1623631282514381	0.2504222764319458	0
tr|A0A0N0BV85|A0A0N0BV85_9PSED	66.18637325349302	541.1656686626746	0.0066268960304658	2.4770459081836327	757.1892215568862	5.616686748138545	2303.869847650261	0.2525428404099977	0.19003662233966	0.2495091074682728	0.1486414460596432	0.1592699837224261	0.2525428404099977	0
tr|A0A0D0PIL0|A0A0D0PIL0_PSEFL	62.633380376344086	545.5215053763441	0.0057989536695982	2.4341397849462365	762.6204301075269	5.1999021942080335	2286.119870816999	0.2563900538485332	0.1928327285260739	0.2460115897615047	0.1496471643116823	0.1551184635522059	0.2563900538485332	0
tr|A0A0A6D6H3|A0A0A6D6H3_9PSED	66.91055911823649	541.6653306613226	0.0067260640585119	2.45691382765531	775.0923847695391	6.1345209827555225	2431.146123656253	0.2497818698160005	0.1887640175834148	0.2470076690581971	0.1508891630068265	0.1635572805355608	0.2497818698160005	0
tr|A0A0G3GJA5|A0A0G3GJA5_9PSED	62.817520325203255	548.5325203252032	0.0057451128206408	2.432926829268293	758.0357723577235	5.442036556437024	2284.957011058349	0.2565762780267844	0.1928804585963502	0.2459694046210863	0.1495360298191435	0.1550378289366354	0.2565762780267844	0
tr|A0A0N0L6A3|A0A0N0L6A3_9PSED	66.94743912175649	540.187624750499	0.0067669777688886	2.4291417165668663	767.4315369261477	6.658051096633385	2308.853702693075	0.2500211850288383	0.1889403495220546	0.2496481198609814	0.149479654117903	0.1619106914702224	0.2500211850288383	0
tr|A0A191YTE5|A0A191YTE5_9PSED	66.12812024048097	542.5290581162325	0.0065577644103499	2.434869739478958	764.4905811623246	8.184565722129806	2256.4754734255143	0.2513206500406515	0.1898562235636118	0.2494734777292104	0.1492470168615961	0.1601026318049301	0.2513206500406515	0
tr|A0A0F4SLW2|A0A0F4SLW2_PSEFL	66.95671656686626	539.8982035928144	0.0067990278602313	2.395209580838323	769.115369261477	5.749533174687276	2327.857903729164	0.2496104439657575	0.1887133247507509	0.2495757417354873	0.1496833220473799	0.1624171675006241	0.2496104439657575	0
tr|A0A160GND1|A0A160GND1_PSEPU	57.00928971962617	542.9732977303071	0.0049036293620162	2.574098798397864	718.545393858478	5.139050293981405	2172.7469954350563	0.2714361251832585	0.2001721433154257	0.2443705251680226	0.1444913428184345	0.1395298635148586	0.2714361251832585	0
tr|A0A1C1BXU3|A0A1C1BXU3_PSEPU	57.06529127516779	545.1557046979866	0.0048877776919588	2.58255033557047	720.6730201342282	5.446197445110197	2164.420863116369	0.2709860183629233	0.2001572108129362	0.2439023456499426	0.1449416451609219	0.1400127800132759	0.2709860183629233	0
tr|A0A0F0FCH6|A0A0F0FCH6_9PSED	58.27971196754565	548.9655172413793	0.0049754756017086	2.6511156186612577	718.7620689655172	7.220019190138563	1968.6433615042856	0.269277409027216	0.200221451135559	0.2462092494171634	0.1442830100749604	0.1400088803451011	0.269277409027216	0
tr|V8R6J6|V8R6J6_9PSED	66.39023246492987	541.376753507014	0.0066466862049022	2.468937875751503	766.9823647294589	7.219688971820879	2372.218980918641	0.2513073100438266	0.1894922939231472	0.2480053674889541	0.1498768203093574	0.1613182082347146	0.2513073100438266	0
tr|A0A0A7JLW9|A0A0A7JLW9_9PSED	55.56874468085106	539.2579787234042	0.0047300652549637	2.543882978723404	721.2961436170212	4.112030622018343	2080.105746785532	0.2728567530683332	0.2016013463299692	0.2446276979987713	0.143903215915402	0.1370109866875242	0.2728567530683332	0
tr|A0A0P7K7M0|A0A0P7K7M0_9PSED	66.24857746478872	545.2957746478874	0.006538698937003	2.496981891348089	764.2919517102615	7.281504237254587	2307.7384026547343	0.2517868197313221	0.1900076970884458	0.2479739794640245	0.1497496712247071	0.1604818324915004	0.2517868197313221	0
tr|A0A0L1MMA0|A0A0L1MMA0_PSESX	66.997625	545.8931451612904	0.0067072341681151	2.471774193548387	772.8548387096774	4.243890716717229	2332.401415376184	0.249706493566759	0.1890724442481406	0.2475689520990854	0.1506574786849483	0.1629946314010665	0.249706493566759	0
tr|A0A0F4V5W7|A0A0F4V5W7_PSEFL	67.18117102615695	544.6680080482897	0.0067849824747936	2.438631790744467	776.2464788732394	7.865016805888199	2336.532336928085	0.2488695717094998	0.1886688368103971	0.2478168949783236	0.1508425198770102	0.1638021766247692	0.2488695717094998	0
tr|A0A166QBC9|A0A166QBC9_PSEFL	67.44421862348179	547.7651821862348	0.0067553703369271	2.45748987854251	775.3378542510122	5.989374603628236	2325.830402968302	0.2486878434501808	0.1886671993389672	0.2474903901208685	0.1510240832809438	0.1641304838090394	0.2486878434501808	0
tr|A0A0F4XUU1|A0A0F4XUU1_9PSED	63.90444820717131	539.2828685258964	0.0061656366333227	2.4741035856573705	753.0894422310757	6.466652655189582	2551.943191387629	0.2566517978435521	0.1915228591151129	0.2453566964724116	0.1494218136895444	0.1570468328793789	0.2566517978435521	0
tr|A0A1B3C6Q4|A0A1B3C6Q4_9PSED	64.0087681451613	542.6532258064516	0.0060961366931303	3.100806451612903	760.6112903225805	6.131239185646773	2367.4480592179843	0.2605864686469493	0.1943218001934326	0.2417602542945736	0.1494850642638437	0.1538464126012006	0.2605864686469493	0
tr|A0A0Q6Q970|A0A0Q6Q970_9PSED	66.38059207920791	536.1584158415842	0.0067609174211766	2.4	764.7148514851485	4.857087295969811	2325.9758792075168	0.2509560724263954	0.1891921364976169	0.2502656245905898	0.1488989373863607	0.160687229099037	0.2509560724263954	0
tr|A0A0C2A4M0|A0A0C2A4M0_PSEFL	66.55153020134227	545.3852348993289	0.0066006303897057	2.4644295302013424	774.8679194630873	7.237216191122948	2571.95075052651	0.2505047948524109	0.1889851514474045	0.2443922373015878	0.1519511579384969	0.1641666584600999	0.2505047948524109	0
tr|A0A0N9VYX0|A0A0N9VYX0_PSEFL	66.01857317073171	550.6666666666666	0.0063976693825139	2.518292682926829	768.3284552845528	6.746739812413371	2199.181002617605	0.2514119159566054	0.190543652093362	0.2475873530273371	0.1502252205224326	0.1602318584002628	0.2514119159566054	0
tr|A0A0K1QSW9|A0A0K1QSW9_PSEFL	65.63905566600397	535.7872763419483	0.0066231265199704	2.73558648111332	758.992842942346	6.304675372826926	2262.8457313965973	0.25531693713764	0.1914820968821331	0.2485180245115703	0.1480497561730407	0.1566331852956158	0.25531693713764	0
tr|A0A0P6S6Q1|A0A0P6S6Q1_9PSED	66.42531653225807	544.9737903225806	0.0065381873345099	2.4294354838709675	773.8427419354839	7.1586036423366775	2396.7003389367665	0.2502160676478513	0.1892064791548443	0.2467860106259836	0.1509716365356962	0.1628198060356244	0.2502160676478513	0
tr|A0A1A9JHB5|A0A1A9JHB5_9PSED	67.18108847184988	544.4276139410188	0.0067650895017087	2.454423592493298	776.8723860589813	7.631054715815351	2470.711309336104	0.2492477097508693	0.1885193896031009	0.2460930110506464	0.1514970438866743	0.164642845708709	0.2492477097508693	0
tr|A0A0C2MIF1|A0A0C2MIF1_9PSED	67.01561122244489	542.1803607214429	0.0067584035305626	2.43687374749499	774.031863727455	6.611899312882001	2457.0690255514605	0.2496337729083933	0.1886015117630948	0.246895681650145	0.1509668203910406	0.1639022132873263	0.2496337729083933	0
tr|A0A0J6LD36|A0A0J6LD36_9PSED	58.86705714285714	550.6346938775511	0.0050706263274582	3.4816326530612245	732.284693877551	8.669007233277743	1785.4379220141082	0.273484359963857	0.2040222999776856	0.2398318004511116	0.1450727978316146	0.1375887417757311	0.273484359963857	0
tr|A0A1C1ABH7|A0A1C1ABH7_PSEPU	57.025418230563005	544.470509383378	0.0048927013714022	2.5804289544235925	718.5650134048258	5.244407992156564	2160.9654793992368	0.2713613142086994	0.2002596362432189	0.2441801667617976	0.1446161508264365	0.1395827319598473	0.2713613142086994	0
tr|A0A1Q8EPI7|A0A1Q8EPI7_9PSED	66.0595659229209	548.2454361054766	0.0063883269645149	2.4685598377281948	769.1423935091277	8.308672171543895	2166.442274267633	0.2508018622156801	0.1902861309155524	0.2487411972461013	0.1499134963606993	0.1602573132619668	0.2508018622156801	0
tr|A0A2T6GSM1|A0A2T6GSM1_9PSED	64.33484210526316	528.8654970760234	0.0064599804420024	2.38401559454191	738.0037037037038	2.329445647228917	2427.238938600092	0.2570887753636274	0.1910897551080891	0.251196708946267	0.1461829702451369	0.1544417903368792	0.2570887753636274	0
tr|A0A0W0P306|A0A0W0P306_9PSED	64.49538276553106	543.3587174348697	0.0062165188610884	2.49498997995992	758.6511022044089	6.692142659417914	2371.019737195033	0.2550225548169387	0.191405280527217	0.2467318819944271	0.1493796383445089	0.1574606443169081	0.2550225548169387	0
tr|A0A0A4GDI1|A0A0A4GDI1_9PSED	63.86927855711424	537.9959919839679	0.0061245025460102	2.7655310621242486	751.5941883767536	6.089133433683212	2387.168993834899	0.2592429848360956	0.1931025560927072	0.2454854665638235	0.1482313757937815	0.1539376167135921	0.2592429848360956	0
tr|A0A1S1V148|A0A1S1V148_9PSED	63.4602589041096	555.1178082191781	0.0057705225712437	2.584931506849315	771.3320547945204	12.839380523046792	1966.1277091798968	0.2541387354477541	0.193595826533363	0.2465833827142367	0.150250895777919	0.1554311595267272	0.2541387354477541	0
tr|A0A109Z2V1|A0A109Z2V1_SERLI	58.25981763527054	541.5150300601202	0.0051202065982963	3.31062124248497	713.9246492985973	6.290964703814802	2301.541676638965	0.277763771592953	0.2021025061569966	0.238090986501562	0.1442210224300373	0.137821713318451	0.277763771592953	0
tr|A0A159ZWU7|A0A159ZWU7_PSEFL	63.55506072874493	547.3927125506073	0.0059252503325968	2.380566801619433	768.9264507422403	6.438767544921635	2541.0122886140944	0.2543462186068828	0.1912376875738091	0.2433282588281823	0.1516278088162923	0.1594600261748333	0.2543462186068828	0
tr|A0A293QLM5|A0A293QLM5_PSEFL	66.06831034482758	548.9939148073022	0.0063985252041593	2.4949290060851927	774.5774847870182	7.75422117329005	2257.167898805585	0.2507051213898363	0.1900913532754558	0.2469209204003167	0.1508519830632351	0.1614306218711559	0.2507051213898363	0
tr|A0A0N9X1L9|A0A0N9X1L9_PSEFL	64.17083501006036	544.0422535211268	0.0060995062674634	2.4788732394366195	763.1034205231389	7.016524234664494	2478.0163964817243	0.2549953139101265	0.1913147694084105	0.2448428357928399	0.1504113650946127	0.1584357157940104	0.2549953139101265	0
tr|A0A1Q3I0H7|A0A1Q3I0H7_9PSED	66.19576494023904	538.8406374501992	0.0066711845540891	2.4681274900398407	764.5053784860556	7.193878044928626	2374.7929302833086	0.2518828232245079	0.1896274093312863	0.2485234301039814	0.1494060428308597	0.1605602945093645	0.2518828232245079	0
tr|U7A2K8|U7A2K8_9PSED	64.61777016129032	546.2231182795699	0.0061882934279246	2.46505376344086	766.515053763441	6.502257271442626	2371.7354885806094	0.2536538889400618	0.1910519827545901	0.2459004549865824	0.150398339094883	0.1589953342238826	0.2536538889400618	0
tr|A0A0Q7A2J5|A0A0Q7A2J5_9PSED	64.42009311740891	548.1039136302294	0.0061272074038945	2.47638326585695	768.0408906882592	10.06168396894587	2588.0542326455093	0.2540818987978605	0.1908927506147995	0.2426917693950132	0.1518207252083922	0.1605128559839345	0.2540818987978605	0
tr|A0A0L6FTW2|A0A0L6FTW2_9PSED	58.59174489795919	547.9979591836735	0.0050303873947838	2.7224489795918365	722.4330612244897	5.755087606460552	2251.559137939141	0.2698422518092097	0.1990740097314278	0.2426446008044294	0.1458447091048342	0.142594428550099	0.2698422518092097	0
tr|A0A059L8S9|A0A059L8S9_9PSED	67.29608484848485	546.1737373737374	0.0067499381813047	2.4343434343434343	779.9987878787879	10.444980637844347	2340.394208738157	0.2482894423681244	0.1885130058485732	0.2472819219672073	0.1513414483275255	0.1645741814885693	0.2482894423681244	0
tr|A0A1J0ESS0|A0A1J0ESS0_9PSED	65.61862424242425	546.9535353535354	0.0064006409475125	2.4727272727272727	761.9941414141414	7.216962974037168	2173.5021706875577	0.2522612879338959	0.1907900611238872	0.2491724565453216	0.1491482745604753	0.15862791983642	0.2522612879338959	0
tr|A0A1P8F2G9|A0A1P8F2G9_9PSED	66.48574302788846	539.0597609561753	0.0067185048819323	2.410358565737052	763.3350597609561	6.510783822092214	2324.783704592488	0.2509962010606358	0.1892685755879242	0.2498360248000253	0.1490730694375232	0.1608261291138914	0.2509962010606358	0
tr|A0A176NHS4|A0A176NHS4_9PSED	63.81234538152611	542.4056224899598	0.0060489009932887	2.471887550200804	756.1383534136546	8.124027351330307	2490.5783354476885	0.2562777040330697	0.1916951413134145	0.2452706252898329	0.1496947689492149	0.1570617604144678	0.2562777040330697	0
tr|A0A255YLA0|A0A255YLA0_9PSED	67.26801204819277	542.6767068273092	0.0068016056998006	2.391566265060241	772.0869477911647	9.75395077933148	2343.017276469652	0.2488520705798793	0.1884389168381904	0.2488388276452326	0.1502997506220632	0.1635704343146342	0.2488520705798793	0
tr|A0A2R7K6H6|A0A2R7K6H6_9PSED	66.47623822341858	546.9771197846568	0.0065417594199116	2.468371467025572	780.0080753701211	7.857759597451015	2446.409363109668	0.2498768674618449	0.1891527199397254	0.2451266793707582	0.1519394002739093	0.1639043329537619	0.2498768674618449	0
tr|A0A2N8BHY4|A0A2N8BHY4_9PSED	66.27364848484848	546.3656565656565	0.0065102449926912	2.470707070707071	772.1656565656566	6.240616930138076	2200.606432777677	0.250352187258738	0.1899201714713584	0.2485924027469937	0.150113068618743	0.1610221699041669	0.250352187258738	0
tr|A0A2J7URJ7|A0A2J7URJ7_9PSED	66.71532037533512	544.7278820375335	0.0066635696574404	2.445040214477212	773.6000000000001	7.704749300103541	2424.344087817502	0.2500328756240886	0.1889922905883673	0.2466137886264683	0.1510402602217001	0.1633207849393754	0.2500328756240886	0
tr|A0A2K4GEK6|A0A2K4GEK6_9PSED	63.326428	541.696	0.0059790013883839	2.43	743.949	4.876831634598728	2103.8084089691924	0.2571076179797176	0.1930738537388156	0.2510822153240854	0.1465866268474709	0.1521496861099104	0.2571076179797176	0
tr|A0A2N1GT25|A0A2N1GT25_9PSED	65.40274603174602	536.7579365079365	0.0065105339824953	2.4761904761904763	756.0551587301587	5.839605943285054	2351.038851923028	0.2539815482769907	0.1905000186558183	0.2492743895866593	0.1483128818762582	0.1579311616042734	0.2539815482769907	0
tr|A0A2L0LN65|A0A2L0LN65_9PSED	59.09376180698151	554.2422997946612	0.0050320311582352	2.722792607802875	733.6373716632444	8.07497717258568	2277.055192435702	0.2672458973385228	0.1982747014741601	0.2410585450802781	0.1478430255953178	0.1455778305117209	0.2672458973385228	0
tr|A0A2M8SP98|A0A2M8SP98_9PSED	64.43591105121293	546.9743935309973	0.006132281708927	2.466307277628032	770.2324797843665	8.024730559842896	1023.7620330275184	0.2448677388254429	0.1954490244226378	0.2586809352267743	0.1480136225147858	0.152988679010359	0.2586809352267743	2
tr|A0A2A5RAC0|A0A2A5RAC0_PSEFL	66.10026653306613	542.8657314629259	0.0065435753278024	2.4549098196392785	765.3547094188377	7.392580814424349	2467.836241296315	0.2519323588706589	0.189599394479718	0.2465820910347354	0.1503663818748218	0.1615197737400658	0.2519323588706589	0
tr|A0A2K4J4X2|A0A2K4J4X2_9PSED	64.93122745625841	546.9232839838493	0.0062316004537344	2.4697173620457606	769.5798115746973	6.55572405468687	2388.3283854434994	0.2529471155538929	0.1907279141487905	0.2455392235603326	0.1508128186568451	0.1599729280801388	0.2529471155538929	0
tr|A0A2C5W3H0|A0A2C5W3H0_PSEPU	67.51899796334013	550.4256619144603	0.0066906489950251	2.468431771894094	784.3859470468432	11.023501001495468	2473.1311765685346	0.2480610159110287	0.188303041983359	0.2445500454419974	0.1527278791372749	0.1663580175263398	0.2480610159110287	0
tr|A0A2A2PT73|A0A2A2PT73_9PSED	67.12602620967743	545.4818548387096	0.0067094116646554	2.4596774193548385	777.4072580645161	7.61907592307201	2471.869094753536	0.2492949847203009	0.1885996568335552	0.245777088015631	0.1516579084480324	0.1646703619824802	0.2492949847203009	0
tr|A0A2N0DMB0|A0A2N0DMB0_9PSED	66.42240442655935	544.9859154929577	0.0065624418013661	2.4627766599597587	768.0830985915494	5.519507128431387	2396.5296830965967	0.2510910042418209	0.1894796316617345	0.2470183631321345	0.1504624981795336	0.1619485027847764	0.2510910042418209	0
tr|A0A1X1P1Z3|A0A1X1P1Z3_9PSED	58.884744376278114	552.1840490797546	0.0050187816928193	2.703476482617587	726.8292433537832	6.58206639243142	2269.3730300026573	0.2684058863100128	0.1985953236164102	0.2418740061734374	0.146891770514131	0.1442330133860086	0.2684058863100128	0
tr|A0A2N8F4L3|A0A2N8F4L3_9PSED	59.24915662650602	533.9618473895582	0.0053011429775851	2.632530120481928	712.2275100401607	6.546494504793046	2250.5682710371057	0.2701233848540078	0.1980775777148852	0.2475165779031028	0.1430955491920639	0.1411869103359402	0.2701233848540078	0
tr|A0A2N8E1V7|A0A2N8E1V7_9PSED	66.32027217741935	545.9616935483871	0.0065150854144195	2.481854838709677	766.5391129032258	6.16348918089685	2470.121030323378	0.2516705622039395	0.1895884046719415	0.2458690118161511	0.1507909430061967	0.1620810783017711	0.2516705622039395	0
tr|A0A2J7UGI5|A0A2J7UGI5_9PSED	64.70636746987952	544.1646586345381	0.0062359905451454	2.461847389558233	757.0024096385542	6.624931699281719	2441.279036446276	0.2547435123342387	0.1910311695466615	0.2462569398581469	0.1496650299781178	0.1583033482828349	0.2547435123342387	0
tr|A0A1Y1T9L5|A0A1Y1T9L5_PSECL	66.17084507042254	544.3340040241449	0.006534142772019	2.4688128772635816	769.2712273641852	5.852349459399597	2201.7237193596507	0.2508246348464301	0.1900066794068829	0.249157823995061	0.1496396157476701	0.1603712460039557	0.2508246348464301	0
tr|A0A1E8PGI3|A0A1E8PGI3_9PSED	66.09143227091633	538.203187250996	0.0066507679731471	2.434262948207172	761.7235059760956	7.042868733255842	2369.0168982908235	0.2520454101757552	0.189629453756	0.2491201819388778	0.1490612865886511	0.1601436675407158	0.2520454101757552	0
tr|A0A1V3T9J2|A0A1V3T9J2_9PSED	66.91097843665767	547.0902964959569	0.0066368510800945	2.4595687331536387	776.4780323450134	7.188743406675502	2414.0509518063213	0.2495295807114991	0.1889127071723219	0.2461116659014428	0.1514748064101767	0.1639712398045593	0.2495295807114991	0
tr|A0A2R4PX28|A0A2R4PX28_9PSED	67.21657575757577	545.9434343434343	0.0066933494722113	2.4444444444444446	779.7486868686868	9.78127796790116	2454.0828472624	0.2487779034923266	0.1884538293572792	0.2458777047640294	0.1518189870558439	0.1650715753305208	0.2487779034923266	0
tr|A0A1V3MRL3|A0A1V3MRL3_9PSED	66.85933601609658	543.7907444668008	0.0066814541479219	2.4185110663983904	774.476861167002	7.088627876121586	2321.843496997995	0.2493051543808378	0.18888650393158	0.2482227364971192	0.1505453504614994	0.1630402547289634	0.2493051543808378	0
tr|A0A2U1QSC4|A0A2U1QSC4_9PSED	65.90750200000001	541.046	0.0065408208376946	2.484	761.7164	7.666759043207498	2378.955913754191	0.2526897916418417	0.1900509204808373	0.2479589005230031	0.1494158952517481	0.1598844921025695	0.2526897916418417	0
tr|A0A2K4GVE3|A0A2K4GVE3_9PSED	67.3679109311741	547.5748987854251	0.0067374044177357	2.465587044534413	780.3854251012147	9.958679261815858	2466.928393824816	0.2486711042740713	0.1884287790060432	0.2453515877760346	0.1520863738784219	0.165462155065429	0.2486711042740713	0
tr|A0A2S4G9H9|A0A2S4G9H9_9PSED	64.99231589537223	545.0643863179074	0.0062594454520221	2.4788732394366195	759.561569416499	9.911263173934923	2406.7257233657974	0.254123149097628	0.1908876080964417	0.2464025393753424	0.1498117644992322	0.1587749389313556	0.254123149097628	0
tr|A0A2A2DWI1|A0A2A2DWI1_9PSED	66.6558514056225	542.9598393574297	0.0066920188488348	2.433734939759036	772.4576305220884	4.465884538134044	2318.8474892706663	0.2499154665184079	0.1891375991363085	0.2483452293868116	0.150268386458149	0.1623333185003227	0.2499154665184079	0
tr|A0A2K4FXA8|A0A2K4FXA8_9PSED	63.77959126984126	537.4702380952381	0.0061754863670683	2.4682539682539684	752.7043650793651	5.271970919586651	2480.991670900404	0.256803634968479	0.1916845407277934	0.246552368498104	0.1488022091021936	0.1561572467034298	0.256803634968479	0
tr|A0A2R4HCG4|A0A2R4HCG4_9PSED	62.81367	536.93	0.0059421233619274	2.664	743.6962	7.118133392541928	2294.340381621709	0.2607333184250925	0.1939706363707725	0.2473235475244538	0.1468894451796573	0.1510830525000237	0.2607333184250925	0
tr|A0A1V4F7Z6|A0A1V4F7Z6_9PSED	64.17762874251497	540.1576846307386	0.0062085627225367	2.475049900199601	755.8714570858283	5.830177988279503	2556.3993140555194	0.2559453717504529	0.1912487899743941	0.2451458875693686	0.1497780500814207	0.1578819006243635	0.2559453717504529	0
tr|A0A2K9M333|A0A2K9M333_PSEFL	64.31908739837398	548.69918699187	0.0060329602010721	2.5040650406504064	768.0063008130081	10.961156072328912	2539.3644436723694	0.25439525808507	0.1911802061478029	0.2428864943684052	0.1516349931826481	0.1599030482160738	0.25439525808507	0
tr|A0A1W5DJF6|A0A1W5DJF6_9GAMM	57.82585370741484	541.8176352705411	0.0050426449617729	3.3006012024048097	710.606613226453	8.097520805319943	2348.997909413861	0.2788370760748034	0.2024076729062241	0.2372977081641318	0.1441818825294802	0.1372756603253604	0.2788370760748034	0
tr|A0A2N8H9Y3|A0A2N8H9Y3_9PSED	66.38642714570858	540.7225548902196	0.0066802667644287	2.435129740518962	765.0325349301397	5.344866319478102	2567.4428847451272	0.2516009817726523	0.1891080815106942	0.2460984899752289	0.1506248350380011	0.1625676117034232	0.2516009817726523	0
tr|A0A2N1EWZ2|A0A2N1EWZ2_9PSED	65.29803012048193	542.8734939759037	0.0063251745583253	2.4116465863453813	764.7333333333332	6.256567964368772	2279.379511366299	0.2523242053018642	0.1904079965918527	0.2486628246932346	0.1494366750630788	0.1591682983499695	0.2523242053018642	0
tr|A0A267AIQ1|A0A267AIQ1_PSEFR	60.14212398373984	547.5426829268292	0.0052935667447322	3.3272357723577235	734.1678861788617	5.713600991498608	1794.314931657943	0.2699898442336708	0.2018454833309008	0.2430661776354205	0.144970780680156	0.1401277141198519	0.2699898442336708	0
tr|A0A2S9BEN1|A0A2S9BEN1_9PSED	66.2039156626506	542.8192771084338	0.0065336320366108	2.433734939759036	770.6586345381526	5.701053597492597	2391.53529629492	0.2509115995244011	0.1894245849057625	0.2473173397317598	0.1504531212009507	0.1618933546371257	0.2509115995244011	0
tr|A0A2N8EIJ7|A0A2N8EIJ7_9PSED	67.12581653225806	545.383064516129	0.006730716585459	2.4294354838709675	774.9431451612903	8.563568154219924	2325.057844578254	0.2489655726689974	0.1887456146752965	0.2479535804346138	0.1507547156197545	0.1635805166013377	0.2489655726689974	0
tr|A0A2U2DBV4|A0A2U2DBV4_9PSED	65.29803012048193	542.8734939759037	0.0063251745583253	2.4116465863453813	764.7333333333332	6.256567964368772	2279.379511366299	0.2523242053018642	0.1904079965918527	0.2486628246932346	0.1494366750630788	0.1591682983499695	0.2523242053018642	0
tr|A0A2N7XQ26|A0A2N7XQ26_9PSED	66.79960956175297	538.8804780876494	0.006794526019402	2.400398406374502	767.1876494023903	7.483321852646486	2322.179379903479	0.2500654403924869	0.1888819518417827	0.2498627301475558	0.1493832632584863	0.1618066143596883	0.2500654403924869	0
tr|A0A266LVT5|A0A266LVT5_PSEFR	60.19935365853659	547.790650406504	0.0052995537810615	3.319105691056911	734.0522357723578	5.863400386228738	1795.520176171746	0.2698327263792141	0.2017530415389632	0.2431517311557449	0.1449961513865715	0.140266349539506	0.2698327263792141	0
tr|A0A1E1FXZ7|A0A1E1FXZ7_9PSED	66.12855289421158	540.4031936127744	0.0066328620175203	2.475049900199601	765.3345309381237	5.10500798975506	2211.106567696902	0.251452821135429	0.1900294819808443	0.2500787885020233	0.1488926304334524	0.1595462779482508	0.251452821135429	0
tr|A0A291AHD2|A0A291AHD2_9PSED	66.972536	541.548	0.00679707951244	2.42	769.1028	6.235854587211733	2334.0188207139545	0.2497817432585134	0.1888384266267732	0.2490244835609488	0.1498809359537784	0.1624744105999862	0.2497817432585134	0
tr|A0A2M9VFE7|A0A2M9VFE7_9PSED	58.73369230769231	548.15991902834	0.0050642251938319	2.661943319838057	719.815991902834	7.305506722488229	1958.6691606005704	0.2685404899915463	0.1998166389512101	0.246812944328187	0.1442459458999312	0.1405839808291254	0.2685404899915463	0
tr|A0A2K4IFY2|A0A2K4IFY2_9PSED	66.72249196787149	543.3995983935743	0.0066859992307572	2.5060240963855422	772.9375502008032	7.995344472617227	2457.5995820276203	0.2506660852196802	0.1891632339755155	0.2460865471399545	0.1510135915519078	0.1630705421129418	0.2506660852196802	0
tr|A0A2S8HNV8|A0A2S8HNV8_9PSED	66.58735984095426	538.5089463220676	0.0067931658563086	2.3976143141153083	764.0940357852883	4.921411693572037	2330.440990316584	0.2506875646099926	0.1890870561108801	0.2499776213667434	0.1491022655768695	0.1611454923355141	0.2506875646099926	0
tr|A0A2S4BQ93|A0A2S4BQ93_9PSED	67.3419114688129	543.8028169014085	0.006770932213679	2.432595573440644	775.2519114688129	7.670069611135795	2467.2189773892464	0.2490373842151346	0.1883364748849628	0.246622168867832	0.1512738989330109	0.1647300730990595	0.2490373842151346	0
tr|S4YII7|S4YII7_SERPL	57.36890612244898	551.1469387755102	0.0049227922870723	4.789795918367347	705.1524489795919	9.2851042028526	2550.118298368296	0.292215869230822	0.2090222519858076	0.2206055246480422	0.1458451680145629	0.1323111861207649	0.292215869230822	0
tr|A0A0F7LTX4|A0A0F7LTX4_9GAMM	54.3397356557377	550.1577868852459	0.0044322132763939	3.137295081967213	707.6815573770491	10.308175327188998	2377.5162825078905	0.2823068841937659	0.2050329180311422	0.2333370616792343	0.1451136227372831	0.1342095133585744	0.2823068841937659	0
tr|W2DE54|W2DE54_9PSED	64.21377166437414	557.321870701513	0.0058813532553135	2.8844566712517192	778.291334250344	10.616565666685192	1992.6390269851145	0.2548305217808049	0.194026322027262	0.2436938867632064	0.1512130425402938	0.1562362268884326	0.2548305217808049	0
tr|U7QWU7|U7QWU7_PHOTE	54.549293877551015	547.8551020408163	0.0044827868117718	3.110204081632653	706.7716326530611	7.668724826830399	2368.992817476895	0.2820923434259046	0.2047589936905639	0.2343025923400734	0.1446860944440381	0.1341599760994197	0.2820923434259046	0
tr|A0A0X8EX82|A0A0X8EX82_PSEFR	59.71418036072144	541.124248496994	0.0053458173350656	3.539078156312625	722.5410821643287	4.8606959538583245	1780.36931192234	0.2748065874766299	0.2037574144255375	0.2426304150449662	0.1427451734503196	0.1360604096025467	0.2748065874766299	0
tr|A0A0M3UDS4|A0A0M3UDS4_9PSED	60.08860362173039	543.0523138832998	0.0053486291948785	3.561368209255533	725.4446680080483	6.429644648259906	1780.668007503465	0.273830796118125	0.2034090988769172	0.242288394206028	0.1433516031175423	0.1371201076813874	0.273830796118125	0
tr|A0A0M9CZE4|A0A0M9CZE4_9GAMM	54.34371659919028	546.6781376518219	0.0045183062541004	3.366396761133603	701.9925101214575	8.212245296695318	2563.326119657717	0.2852712026193862	0.2054719522864391	0.2302527700535241	0.1451947486015581	0.1338093264390923	0.2852712026193862	0
tr|A0A0A0CVX6|A0A0A0CVX6_PHOLU	54.64671779141104	550.3537832310839	0.0044863618086891	3.329243353783231	711.2766871165644	10.105755928143369	2558.8671776068218	0.2826414570870219	0.2047133395725696	0.2301415291068869	0.1465935587966126	0.1359101154369089	0.2826414570870219	0
tr|A0A0P0QE95|A0A0P0QE95_SERMA	57.900047131147545	553.2479508196722	0.0049791851246997	4.840163934426229	716.7649590163935	6.99096942955916	2136.814349172464	0.2905124311592465	0.2104119811713499	0.2232138595370258	0.1449762544303407	0.1308854737020369	0.2905124311592465	0
tr|A0A1V2JUV6|A0A1V2JUV6_9PSED	64.13680848153214	554.8700410396717	0.0059082639467414	2.58686730506156	773.2725034199726	9.440880828722658	1997.2726435910104	0.2531530387130851	0.1928765842060875	0.246675868219886	0.1504757546607098	0.1568187542002315	0.2531530387130851	0
tr|A0A086GFB6|A0A086GFB6_9GAMM	57.69781466395112	550.4236252545825	0.0050013239293855	4.824847250509165	711.6910386965378	6.384793756722788	2137.058285736896	0.2919921784939838	0.2107688349759751	0.2235540753018833	0.1440184762944527	0.1296664349337049	0.2919921784939838	0
tr|A0A176V4Q5|A0A176V4Q5_9PSED	63.74294037940378	548.7411924119241	0.005922810496454	2.535230352303523	767.5043360433604	10.084091875982296	1979.484384690732	0.2539923835634216	0.1930450410742894	0.2486071204014132	0.1492051436755461	0.1551503112853295	0.2539923835634216	0
tr|A0A1B3FBL7|A0A1B3FBL7_9GAMM	57.83129278350516	556.4845360824743	0.0049256078414746	4.863917525773196	724.5929896907217	8.344503067187587	2131.823588768483	0.2890033582898182	0.2102422004885551	0.2224354067849551	0.1462306236182169	0.1320884108184545	0.2890033582898182	0
tr|A0A2N8AVR6|A0A2N8AVR6_9PSED	64.86249898989898	545.9919191919192	0.0061944683936601	3.1818181818181817	758.0274747474747	6.347379744897741	2130.49988539484	0.2597071269307378	0.1947340711688686	0.2440129279911849	0.1485430640627036	0.1530028098465049	0.2597071269307378	0
tr|A0A1C0GZL7|A0A1C0GZL7_SERMA	57.783773006134965	552.3231083844581	0.0049653741365865	4.846625766871166	717.8034764826176	8.351125072264436	2119.25268848501	0.2906622100580298	0.2105999511450831	0.2232454830404081	0.1448819539628101	0.1306104017936687	0.2906622100580298	0
tr|A0A2V4KR80|A0A2V4KR80_9PSED	66.7427483266399	544.0080321285141	0.006684742767725	2.4417670682730925	773.1009370816598	6.566051359903218	2421.8645235388144	0.2500297637956607	0.1889538194135651	0.2468557137263772	0.1509093780895966	0.1632513249748003	0.2500297637956607	0
tr|A0A2G0Y8R8|A0A2G0Y8R8_9PSED	64.13680848153214	554.8700410396717	0.0059082639467414	2.58686730506156	773.2725034199726	9.440880828722658	1997.2726435910104	0.2531530387130851	0.1928765842060875	0.246675868219886	0.1504757546607098	0.1568187542002315	0.2531530387130851	0
tr|A0A2U8TRS2|A0A2U8TRS2_9PSED	67.45733601609659	543.0422535211268	0.0068342450157284	2.374245472837022	779.1629778672033	9.6635933329039	2356.301724436484	0.2477743348174668	0.1880532142405693	0.2482509750020301	0.1510100067159165	0.1649114692240172	0.2482509750020301	2
tr|A0A2V4L756|A0A2V4L756_9PSED	58.82156680161943	547.5587044534414	0.0050862811959327	2.694331983805668	717.1884615384615	4.782644157690378	2265.530614733335	0.2700072036426701	0.1988595685450813	0.2433715896644541	0.1453360411253879	0.1424255970224064	0.2700072036426701	0
tr|A0A2W0FAD0|A0A2W0FAD0_9PSED	64.85521471172962	539.0854870775348	0.0063766936008066	2.451292246520875	748.8196819085487	5.013250745452244	2394.7586770181483	0.2554036326912153	0.1910159620436178	0.2486300256604201	0.1481258631308961	0.1568245164738505	0.2554036326912153	0
tr|A0A2V4IMB6|A0A2V4IMB6_9PSED	58.76297368421053	546.091093117409	0.0050772896616324	2.67004048582996	723.9366396761134	7.400615661890982	2277.424276941278	0.2690099192496661	0.1985009358095441	0.2432352641649579	0.145927727937991	0.143326152837841	0.2690099192496661	0
tr|A0A2V3CIX2|A0A2V3CIX2_9PSED	66.38134136546184	543.3293172690763	0.0066055625619012	2.4879518072289155	769.5638554216866	4.925532988236268	2208.704255957612	0.2507004970036967	0.1898652690515982	0.2492560721614324	0.1495814212152075	0.1605967405680652	0.2507004970036967	0
tr|A0A2K1FJ47|A0A2K1FJ47_9PSED	60.12309183673469	552.9918367346938	0.0053636320955186	5.036734693877551	723.5716326530612	6.059543597561207	1850.6964117016928	0.2866236608973068	0.2105243427852748	0.2259567052424955	0.1448246913817369	0.1320705996931859	0.2866236608973068	0
tr|A0A2K2J0L1|A0A2K2J0L1_SERMA	57.60944032921811	555.3065843621399	0.0049142531155631	4.872427983539095	722.3798353909465	6.754603759666634	2132.012647642513	0.2899635044501892	0.210595284184471	0.2222896267874103	0.1458184674195953	0.1313331171583341	0.2899635044501892	0
tr|A0A1Q5WC94|A0A1Q5WC94_SERMA	57.79568930041152	555.4506172839506	0.004937819800071	4.8559670781893	723.1858024691358	7.561481613495534	2138.056642606692	0.2893707738709878	0.2102708147329434	0.2225727893299388	0.1459689102500048	0.1318167118161251	0.2893707738709878	0
tr|A0A1Q4NXY1|A0A1Q4NXY1_SERMA	57.52179713114754	553.5266393442623	0.0049258097906737	4.854508196721311	716.5504098360656	6.0324698256980165	2079.131762469065	0.2912367968801829	0.2111816185812307	0.2230255257852506	0.1446772625216242	0.1298787962317115	0.2912367968801829	0
tr|A0A2V4FRI5|A0A2V4FRI5_SERMA	57.72476639344262	553.4610655737705	0.0049536606927627	4.838114754098361	713.9512295081968	7.11163185352368	2131.0804160043576	0.2912837781039852	0.2107373144975902	0.2230866210371715	0.144642562671434	0.1302497236898188	0.2912837781039852	0
tr|A0A2V4H8Z0|A0A2V4H8Z0_SERMA	57.783773006134965	552.3231083844581	0.0049653741365865	4.846625766871166	717.8034764826176	8.351125072264436	2119.25268848501	0.2906622100580298	0.2105999511450831	0.2232454830404081	0.1448819539628101	0.1306104017936687	0.2906622100580298	0
tr|A0A2U9FLF4|A0A2U9FLF4_SERMA	57.88460450819672	553.360655737705	0.0049743634315475	4.844262295081967	720.1018442622951	7.611910119282539	2113.989029511471	0.2899329530315582	0.2104133264133806	0.2232552755760935	0.1452543980863428	0.1311440468926248	0.2899329530315582	0
tr|A0A221DPR7|A0A221DPR7_SERMA	58.062863917525775	556.3278350515463	0.0049558062224936	4.855670103092783	724.3705154639175	8.750216910645289	2130.206163574707	0.2886285941006247	0.2100069633237976	0.2227987515664145	0.1461980527220386	0.1323676382871245	0.2886285941006247	0
tr|A0A2K9DVI0|A0A2K9DVI0_9PSED	66.33305410821644	542.2865731462925	0.0066270016060355	2.476953907815631	767.4765531062125	5.762762588253259	2212.9033167516645	0.2509285474358489	0.1898689461683316	0.2496351780005392	0.1492969432576886	0.1602703851375914	0.2509285474358489	0
tr|A0A2H4W0P4|A0A2H4W0P4_9PSED	59.589318	539.856	0.0053451351065747	3.54	720.0201999999999	4.968143078696388	1782.497520893338	0.2755188012490285	0.2039606884062433	0.2428476327542822	0.1422881000013698	0.135384777589076	0.2755188012490285	0
tr|A0A1G5PQ85|A0A1G5PQ85_PHOLU	54.17486530612245	548.334693877551	0.0044358742589302	2.4959183673469387	710.5191836734695	9.526902757851923	2515.074253774349	0.2756598552941117	0.2016397396108895	0.237554367752214	0.146459152541117	0.1386868848016677	0.2756598552941117	0
tr|A0A1D9IRI4|A0A1D9IRI4_9PSED	56.42958717434869	541.2104208416833	0.0048760465488389	3.4168336673346693	707.6182364729459	3.915683161022004	1676.1526119602088	0.2808037194831661	0.2077304304200597	0.241687878899008	0.140529880915944	0.129248090281822	0.2808037194831661	0
tr|T1VYF8|T1VYF8_SERMA	57.669164609053496	555.3065843621399	0.0049209207598501	4.872427983539095	722.5067901234568	6.912154665134255	2134.092362495555	0.2898449473359148	0.2105213057871909	0.2223402812439651	0.1458479872389372	0.1314454783939918	0.2898449473359148	0
tr|A0A1T1HL37|A0A1T1HL37_9PSED	62.50022810590632	551.0162932790224	0.0056661470449393	2.574338085539715	748.0566191446028	5.797366548700079	2069.039231304326	0.2587147499143661	0.1946811907253823	0.2473751358854335	0.1479209941396115	0.1513079293352064	0.2587147499143661	0
tr|A0A2T3WR10|A0A2T3WR10_9GAMM	57.728163599182	552.5276073619632	0.0049678963721857	4.850715746421268	717.8265848670756	6.202971706992592	2129.9364190549504	0.2907601208615413	0.2106109117297556	0.2230458686358589	0.1449536613784775	0.1306294373943664	0.2907601208615413	0
tr|A0A2S4XCR8|A0A2S4XCR8_SERMA	57.72427122153209	558.8343685300207	0.0048834244273659	4.888198757763975	720.2445134575569	10.607710228388855	2124.3329484661645	0.2898972578598349	0.210707821926205	0.2219273674966067	0.1460104446590834	0.1314571080582698	0.2898972578598349	0
tr|A0A2U9ALW9|A0A2U9ALW9_SERMA	57.98771574642127	552.5521472392638	0.0050073725681366	4.85480572597137	720.8891615541924	6.793359137738085	2135.600113269325	0.2897977206028501	0.2102043870893404	0.2232149177900923	0.1453526230607402	0.1314303514569769	0.2897977206028501	0
tr|A0A2C8EVV4|A0A2C8EVV4_9PSED	56.61382834331337	540.0818363273453	0.0049315389679498	3.4251497005988023	707.825748502994	3.288410017952621	1693.5255960579102	0.2807557092798569	0.2074531641546214	0.2418802665406892	0.1404521782236989	0.1294586818011334	0.2807557092798569	0
tr|A0A2S8QEI0|A0A2S8QEI0_PHOLU	54.746004098360665	551.5102459016393	0.0044880577018777	3.346311475409836	708.3504098360655	9.86148950324558	2552.695706569264	0.283052523250187	0.204853824854622	0.2300824082080975	0.1463820101864906	0.1356292335006028	0.283052523250187	0
tr|A0A2S8Q371|A0A2S8Q371_PHOLU	54.74443032786885	551.469262295082	0.0044887595026937	3.3422131147540983	708.3567622950819	10.072355308007577	2536.2969640525203	0.2830753349549449	0.2049028929467828	0.2302702599449238	0.1462691119289232	0.1354824002244251	0.2830753349549449	0
tr|A0A267A425|A0A267A425_PSEFR	60.1276314741036	533.4780876494024	0.0054275548188869	3.5139442231075697	723.9390438247012	5.052981538637325	1802.5579691952976	0.2742568626249272	0.2029214475208649	0.2445295861250873	0.1420149428158928	0.1362771609132276	0.2742568626249272	0
tr|A0A267CY73|A0A267CY73_PSEFR	59.98385258964144	533.292828685259	0.0054059872158296	3.50398406374502	723.49203187251	4.839147018207497	1799.6790474059137	0.2744650161369946	0.2030434929667976	0.2445579783044283	0.1419213098745117	0.1360122027172675	0.2744650161369946	0
